{"/home/galin/Desktop/projects/GitHub/Forum-Project-node/project/config.js": {"path":"/home/galin/Desktop/projects/GitHub/Forum-Project-node/project/config.js","statementMap":{"0":{"start":{"line":1,"column":0},"end":{"line":1,"column":31}},"1":{"start":{"line":2,"column":0},"end":{"line":2,"column":16}},"2":{"start":{"line":3,"column":0},"end":{"line":3,"column":40}},"3":{"start":{"line":4,"column":0},"end":{"line":4,"column":38}},"4":{"start":{"line":5,"column":0},"end":{"line":5,"column":21}},"5":{"start":{"line":6,"column":0},"end":{"line":6,"column":20}},"6":{"start":{"line":9,"column":0},"end":{"line":9,"column":22}},"7":{"start":{"line":12,"column":0},"end":{"line":12,"column":32}},"8":{"start":{"line":13,"column":0},"end":{"line":13,"column":16}},"9":{"start":{"line":14,"column":0},"end":{"line":14,"column":18}},"10":{"start":{"line":15,"column":0},"end":{"line":15,"column":19}},"11":{"start":{"line":18,"column":0},"end":{"line":18,"column":57}},"12":{"start":{"line":21,"column":0},"end":{"line":21,"column":50}},"13":{"start":{"line":24,"column":0},"end":{"line":24,"column":70}},"14":{"start":{"line":26,"column":0},"end":{"line":41,"column":2}}},"fnMap":{},"branchMap":{},"s":{"0":1,"1":1,"2":1,"3":1,"4":1,"5":1,"6":1,"7":1,"8":1,"9":1,"10":1,"11":1,"12":1,"13":1,"14":1},"f":{},"b":{},"_coverageSchema":"1a1c01bbd47fc00a2c39e90264f33305004495a9","hash":"ba3c779f11cf34fba860b2f1412c920d7b4d3c96"}
,"/home/galin/Desktop/projects/GitHub/Forum-Project-node/project/db.js": {"path":"/home/galin/Desktop/projects/GitHub/Forum-Project-node/project/db.js","statementMap":{"0":{"start":{"line":1,"column":17},"end":{"line":1,"column":30}},"1":{"start":{"line":2,"column":15},"end":{"line":2,"column":34}},"2":{"start":{"line":4,"column":13},"end":{"line":10,"column":2}},"3":{"start":{"line":12,"column":0},"end":{"line":12,"column":42}},"4":{"start":{"line":14,"column":0},"end":{"line":14,"column":22}}},"fnMap":{},"branchMap":{},"s":{"0":1,"1":1,"2":1,"3":1,"4":1},"f":{},"b":{},"_coverageSchema":"1a1c01bbd47fc00a2c39e90264f33305004495a9","hash":"c52ee7fe7bb08f4633e066e399b2e6ab9e1c4c4c"}
,"/home/galin/Desktop/projects/GitHub/Forum-Project-node/project/exceptions.js": {"path":"/home/galin/Desktop/projects/GitHub/Forum-Project-node/project/exceptions.js","statementMap":{"0":{"start":{"line":3,"column":2},"end":{"line":3,"column":17}},"1":{"start":{"line":4,"column":2},"end":{"line":4,"column":40}},"2":{"start":{"line":10,"column":2},"end":{"line":10,"column":17}},"3":{"start":{"line":11,"column":2},"end":{"line":11,"column":28}},"4":{"start":{"line":17,"column":2},"end":{"line":17,"column":17}},"5":{"start":{"line":18,"column":2},"end":{"line":18,"column":30}},"6":{"start":{"line":22,"column":0},"end":{"line":26,"column":2}}},"fnMap":{"0":{"name":"(anonymous_0)","decl":{"start":{"line":2,"column":1},"end":{"line":2,"column":2}},"loc":{"start":{"line":2,"column":22},"end":{"line":5,"column":2}},"line":2},"1":{"name":"(anonymous_1)","decl":{"start":{"line":9,"column":1},"end":{"line":9,"column":2}},"loc":{"start":{"line":9,"column":22},"end":{"line":12,"column":2}},"line":9},"2":{"name":"(anonymous_2)","decl":{"start":{"line":16,"column":1},"end":{"line":16,"column":2}},"loc":{"start":{"line":16,"column":22},"end":{"line":19,"column":2}},"line":16}},"branchMap":{},"s":{"0":0,"1":0,"2":0,"3":0,"4":0,"5":0,"6":1},"f":{"0":0,"1":0,"2":0},"b":{},"_coverageSchema":"1a1c01bbd47fc00a2c39e90264f33305004495a9","hash":"17fd1bf886d77b01c53c259226b98f4baf777b45"}
,"/home/galin/Desktop/projects/GitHub/Forum-Project-node/project/front_office.js": {"path":"/home/galin/Desktop/projects/GitHub/Forum-Project-node/project/front_office.js","statementMap":{"0":{"start":{"line":1,"column":14},"end":{"line":1,"column":32}},"1":{"start":{"line":4,"column":17},"end":{"line":7,"column":5}},"2":{"start":{"line":9,"column":21},"end":{"line":9,"column":35}},"3":{"start":{"line":11,"column":29},"end":{"line":11,"column":91}},"4":{"start":{"line":12,"column":23},"end":{"line":12,"column":46}},"5":{"start":{"line":14,"column":25},"end":{"line":19,"column":5}},"6":{"start":{"line":21,"column":4},"end":{"line":21,"column":25}},"7":{"start":{"line":29,"column":33},"end":{"line":29,"column":85}},"8":{"start":{"line":31,"column":27},"end":{"line":31,"column":112}},"9":{"start":{"line":33,"column":20},"end":{"line":33,"column":87}},"10":{"start":{"line":34,"column":20},"end":{"line":34,"column":35}},"11":{"start":{"line":36,"column":4},"end":{"line":36,"column":80}},"12":{"start":{"line":38,"column":23},"end":{"line":38,"column":35}},"13":{"start":{"line":40,"column":4},"end":{"line":40,"column":106}},"14":{"start":{"line":41,"column":4},"end":{"line":41,"column":127}},"15":{"start":{"line":42,"column":4},"end":{"line":42,"column":96}},"16":{"start":{"line":43,"column":4},"end":{"line":43,"column":122}},"17":{"start":{"line":44,"column":4},"end":{"line":44,"column":119}},"18":{"start":{"line":46,"column":23},"end":{"line":46,"column":78}},"19":{"start":{"line":47,"column":4},"end":{"line":47,"column":67}},"20":{"start":{"line":49,"column":24},"end":{"line":49,"column":33}},"21":{"start":{"line":50,"column":4},"end":{"line":54,"column":5}},"22":{"start":{"line":51,"column":8},"end":{"line":51,"column":59}},"23":{"start":{"line":53,"column":8},"end":{"line":53,"column":26}},"24":{"start":{"line":56,"column":19},"end":{"line":56,"column":20}},"25":{"start":{"line":57,"column":24},"end":{"line":57,"column":71}},"26":{"start":{"line":58,"column":27},"end":{"line":58,"column":74}},"27":{"start":{"line":60,"column":4},"end":{"line":71,"column":5}},"28":{"start":{"line":61,"column":80},"end":{"line":61,"column":93}},"29":{"start":{"line":62,"column":8},"end":{"line":62,"column":34}},"30":{"start":{"line":63,"column":37},"end":{"line":63,"column":77}},"31":{"start":{"line":64,"column":26},"end":{"line":64,"column":52}},"32":{"start":{"line":66,"column":8},"end":{"line":66,"column":178}},"33":{"start":{"line":68,"column":8},"end":{"line":70,"column":9}},"34":{"start":{"line":69,"column":12},"end":{"line":69,"column":25}},"35":{"start":{"line":73,"column":23},"end":{"line":73,"column":99}},"36":{"start":{"line":74,"column":28},"end":{"line":74,"column":53}},"37":{"start":{"line":76,"column":4},"end":{"line":88,"column":5}},"38":{"start":{"line":77,"column":28},"end":{"line":77,"column":40}},"39":{"start":{"line":78,"column":8},"end":{"line":82,"column":9}},"40":{"start":{"line":79,"column":12},"end":{"line":79,"column":162}},"41":{"start":{"line":81,"column":12},"end":{"line":81,"column":150}},"42":{"start":{"line":83,"column":8},"end":{"line":83,"column":69}},"43":{"start":{"line":85,"column":8},"end":{"line":87,"column":9}},"44":{"start":{"line":86,"column":12},"end":{"line":86,"column":97}},"45":{"start":{"line":90,"column":27},"end":{"line":90,"column":108}},"46":{"start":{"line":91,"column":27},"end":{"line":91,"column":49}},"47":{"start":{"line":92,"column":26},"end":{"line":92,"column":43}},"48":{"start":{"line":94,"column":4},"end":{"line":101,"column":6}},"49":{"start":{"line":104,"column":0},"end":{"line":107,"column":1}}},"fnMap":{"0":{"name":"prepareRegistrationData","decl":{"start":{"line":3,"column":15},"end":{"line":3,"column":38}},"loc":{"start":{"line":3,"column":88},"end":{"line":22,"column":1}},"line":3},"1":{"name":"registration","decl":{"start":{"line":24,"column":15},"end":{"line":24,"column":27}},"loc":{"start":{"line":27,"column":7},"end":{"line":102,"column":1}},"line":27}},"branchMap":{"0":{"loc":{"start":{"line":42,"column":21},"end":{"line":42,"column":61}},"type":"binary-expr","locations":[{"start":{"line":42,"column":21},"end":{"line":42,"column":38}},{"start":{"line":42,"column":42},"end":{"line":42,"column":61}}],"line":42},"1":{"loc":{"start":{"line":43,"column":21},"end":{"line":43,"column":70}},"type":"binary-expr","locations":[{"start":{"line":43,"column":21},"end":{"line":43,"column":43}},{"start":{"line":43,"column":47},"end":{"line":43,"column":70}}],"line":43},"2":{"loc":{"start":{"line":44,"column":21},"end":{"line":44,"column":68}},"type":"binary-expr","locations":[{"start":{"line":44,"column":21},"end":{"line":44,"column":42}},{"start":{"line":44,"column":46},"end":{"line":44,"column":68}}],"line":44},"3":{"loc":{"start":{"line":50,"column":4},"end":{"line":54,"column":5}},"type":"if","locations":[{"start":{"line":50,"column":4},"end":{"line":54,"column":5}},{"start":{"line":52,"column":11},"end":{"line":54,"column":5}}],"line":50},"4":{"loc":{"start":{"line":60,"column":4},"end":{"line":71,"column":5}},"type":"if","locations":[{"start":{"line":60,"column":4},"end":{"line":71,"column":5}},{"start":{},"end":{}}],"line":60},"5":{"loc":{"start":{"line":66,"column":27},"end":{"line":66,"column":86}},"type":"binary-expr","locations":[{"start":{"line":66,"column":27},"end":{"line":66,"column":50}},{"start":{"line":66,"column":54},"end":{"line":66,"column":86}}],"line":66},"6":{"loc":{"start":{"line":68,"column":8},"end":{"line":70,"column":9}},"type":"if","locations":[{"start":{"line":68,"column":8},"end":{"line":70,"column":9}},{"start":{},"end":{}}],"line":68},"7":{"loc":{"start":{"line":76,"column":4},"end":{"line":88,"column":5}},"type":"if","locations":[{"start":{"line":76,"column":4},"end":{"line":88,"column":5}},{"start":{"line":84,"column":11},"end":{"line":88,"column":5}}],"line":76},"8":{"loc":{"start":{"line":78,"column":8},"end":{"line":82,"column":9}},"type":"if","locations":[{"start":{"line":78,"column":8},"end":{"line":82,"column":9}},{"start":{"line":80,"column":15},"end":{"line":82,"column":9}}],"line":78},"9":{"loc":{"start":{"line":85,"column":8},"end":{"line":87,"column":9}},"type":"if","locations":[{"start":{"line":85,"column":8},"end":{"line":87,"column":9}},{"start":{},"end":{}}],"line":85}},"s":{"0":1,"1":0,"2":0,"3":0,"4":0,"5":0,"6":0,"7":0,"8":0,"9":0,"10":0,"11":0,"12":0,"13":0,"14":0,"15":0,"16":0,"17":0,"18":0,"19":0,"20":0,"21":0,"22":0,"23":0,"24":0,"25":0,"26":0,"27":0,"28":0,"29":0,"30":0,"31":0,"32":0,"33":0,"34":0,"35":0,"36":0,"37":0,"38":0,"39":0,"40":0,"41":0,"42":0,"43":0,"44":0,"45":0,"46":0,"47":0,"48":0,"49":1},"f":{"0":0,"1":0},"b":{"0":[0,0],"1":[0,0],"2":[0,0],"3":[0,0],"4":[0,0],"5":[0,0],"6":[0,0],"7":[0,0],"8":[0,0],"9":[0,0]},"_coverageSchema":"1a1c01bbd47fc00a2c39e90264f33305004495a9","hash":"39d610e41839bcbd70963d62a64aef869a56b920"}
,"/home/galin/Desktop/projects/GitHub/Forum-Project-node/project/main.js": {"path":"/home/galin/Desktop/projects/GitHub/Forum-Project-node/project/main.js","statementMap":{"0":{"start":{"line":1,"column":15},"end":{"line":1,"column":32}},"1":{"start":{"line":2,"column":13},"end":{"line":2,"column":28}},"2":{"start":{"line":3,"column":16},"end":{"line":3,"column":34}},"3":{"start":{"line":4,"column":14},"end":{"line":4,"column":32}},"4":{"start":{"line":5,"column":21},"end":{"line":5,"column":46}},"5":{"start":{"line":7,"column":15},"end":{"line":7,"column":31}},"6":{"start":{"line":9,"column":0},"end":{"line":9,"column":41}},"7":{"start":{"line":11,"column":36},"end":{"line":18,"column":1}},"8":{"start":{"line":21,"column":22},"end":{"line":21,"column":61}},"9":{"start":{"line":22,"column":4},"end":{"line":26,"column":5}},"10":{"start":{"line":23,"column":8},"end":{"line":23,"column":35}},"11":{"start":{"line":25,"column":8},"end":{"line":25,"column":46}},"12":{"start":{"line":29,"column":0},"end":{"line":59,"column":3}},"13":{"start":{"line":30,"column":1},"end":{"line":30,"column":51}},"14":{"start":{"line":33,"column":1},"end":{"line":58,"column":5}},"15":{"start":{"line":34,"column":2},"end":{"line":34,"column":32}},"16":{"start":{"line":36,"column":2},"end":{"line":36,"column":38}},"17":{"start":{"line":38,"column":2},"end":{"line":38,"column":30}},"18":{"start":{"line":40,"column":22},"end":{"line":40,"column":43}},"19":{"start":{"line":42,"column":8},"end":{"line":42,"column":46}},"20":{"start":{"line":44,"column":8},"end":{"line":44,"column":37}},"21":{"start":{"line":48,"column":2},"end":{"line":48,"column":68}},"22":{"start":{"line":50,"column":2},"end":{"line":50,"column":33}},"23":{"start":{"line":52,"column":8},"end":{"line":52,"column":63}},"24":{"start":{"line":55,"column":8},"end":{"line":57,"column":9}},"25":{"start":{"line":56,"column":12},"end":{"line":56,"column":29}},"26":{"start":{"line":62,"column":15},"end":{"line":62,"column":21}},"27":{"start":{"line":64,"column":26},"end":{"line":64,"column":57}},"28":{"start":{"line":65,"column":30},"end":{"line":65,"column":61}},"29":{"start":{"line":67,"column":23},"end":{"line":67,"column":160}},"30":{"start":{"line":69,"column":4},"end":{"line":76,"column":7}},"31":{"start":{"line":80,"column":20},"end":{"line":80,"column":26}},"32":{"start":{"line":81,"column":132},"end":{"line":81,"column":140}},"33":{"start":{"line":83,"column":28},"end":{"line":83,"column":56}},"34":{"start":{"line":84,"column":30},"end":{"line":84,"column":68}},"35":{"start":{"line":86,"column":4},"end":{"line":86,"column":24}},"36":{"start":{"line":87,"column":4},"end":{"line":87,"column":136}},"37":{"start":{"line":88,"column":4},"end":{"line":88,"column":32}},"38":{"start":{"line":89,"column":4},"end":{"line":89,"column":34}},"39":{"start":{"line":91,"column":4},"end":{"line":95,"column":11}},"40":{"start":{"line":97,"column":4},"end":{"line":97,"column":99}},"41":{"start":{"line":100,"column":0},"end":{"line":104,"column":2}}},"fnMap":{"0":{"name":"mapUrlToFunction","decl":{"start":{"line":20,"column":9},"end":{"line":20,"column":25}},"loc":{"start":{"line":20,"column":31},"end":{"line":27,"column":1}},"line":20},"1":{"name":"(anonymous_1)","decl":{"start":{"line":29,"column":11},"end":{"line":29,"column":12}},"loc":{"start":{"line":29,"column":37},"end":{"line":59,"column":1}},"line":29},"2":{"name":"getRegistrationHandler","decl":{"start":{"line":61,"column":15},"end":{"line":61,"column":37}},"loc":{"start":{"line":61,"column":62},"end":{"line":77,"column":1}},"line":61},"3":{"name":"postRegistrationHandler","decl":{"start":{"line":79,"column":15},"end":{"line":79,"column":38}},"loc":{"start":{"line":79,"column":63},"end":{"line":98,"column":1}},"line":79}},"branchMap":{"0":{"loc":{"start":{"line":22,"column":4},"end":{"line":26,"column":5}},"type":"if","locations":[{"start":{"line":22,"column":4},"end":{"line":26,"column":5}},{"start":{"line":24,"column":11},"end":{"line":26,"column":5}}],"line":22},"1":{"loc":{"start":{"line":55,"column":8},"end":{"line":57,"column":9}},"type":"if","locations":[{"start":{"line":55,"column":8},"end":{"line":57,"column":9}},{"start":{},"end":{}}],"line":55}},"s":{"0":1,"1":1,"2":1,"3":1,"4":1,"5":1,"6":1,"7":1,"8":4,"9":4,"10":4,"11":0,"12":1,"13":4,"14":4,"15":4,"16":4,"17":4,"18":4,"19":4,"20":3,"21":1,"22":1,"23":1,"24":4,"25":4,"26":1,"27":1,"28":1,"29":1,"30":1,"31":2,"32":2,"33":2,"34":2,"35":2,"36":2,"37":2,"38":2,"39":2,"40":2,"41":1},"f":{"0":4,"1":4,"2":1,"3":2},"b":{"0":[4,0],"1":[4,0]},"_coverageSchema":"1a1c01bbd47fc00a2c39e90264f33305004495a9","hash":"4640814681217697ea3cc2e3d0f944d2f503fa95"}
,"/home/galin/Desktop/projects/GitHub/Forum-Project-node/project/utils.js": {"path":"/home/galin/Desktop/projects/GitHub/Forum-Project-node/project/utils.js","statementMap":{"0":{"start":{"line":1,"column":15},"end":{"line":1,"column":32}},"1":{"start":{"line":2,"column":65},"end":{"line":2,"column":88}},"2":{"start":{"line":5,"column":4},"end":{"line":7,"column":5}},"3":{"start":{"line":6,"column":8},"end":{"line":6,"column":40}},"4":{"start":{"line":11,"column":4},"end":{"line":13,"column":5}},"5":{"start":{"line":12,"column":8},"end":{"line":12,"column":51}},"6":{"start":{"line":17,"column":4},"end":{"line":19,"column":5}},"7":{"start":{"line":18,"column":8},"end":{"line":18,"column":41}},"8":{"start":{"line":23,"column":23},"end":{"line":23,"column":25}},"9":{"start":{"line":24,"column":4},"end":{"line":24,"column":51}},"10":{"start":{"line":27,"column":0},"end":{"line":32,"column":1}}},"fnMap":{"0":{"name":"AssertDev","decl":{"start":{"line":4,"column":9},"end":{"line":4,"column":18}},"loc":{"start":{"line":4,"column":39},"end":{"line":8,"column":1}},"line":4},"1":{"name":"AssertUser","decl":{"start":{"line":10,"column":9},"end":{"line":10,"column":19}},"loc":{"start":{"line":10,"column":40},"end":{"line":14,"column":1}},"line":10},"2":{"name":"AssertPeer","decl":{"start":{"line":16,"column":9},"end":{"line":16,"column":19}},"loc":{"start":{"line":16,"column":40},"end":{"line":20,"column":1}},"line":16},"3":{"name":"hashPassword","decl":{"start":{"line":22,"column":15},"end":{"line":22,"column":27}},"loc":{"start":{"line":22,"column":38},"end":{"line":25,"column":1}},"line":22}},"branchMap":{"0":{"loc":{"start":{"line":5,"column":4},"end":{"line":7,"column":5}},"type":"if","locations":[{"start":{"line":5,"column":4},"end":{"line":7,"column":5}},{"start":{},"end":{}}],"line":5},"1":{"loc":{"start":{"line":11,"column":4},"end":{"line":13,"column":5}},"type":"if","locations":[{"start":{"line":11,"column":4},"end":{"line":13,"column":5}},{"start":{},"end":{}}],"line":11},"2":{"loc":{"start":{"line":17,"column":4},"end":{"line":19,"column":5}},"type":"if","locations":[{"start":{"line":17,"column":4},"end":{"line":19,"column":5}},{"start":{},"end":{}}],"line":17}},"s":{"0":1,"1":1,"2":0,"3":0,"4":0,"5":0,"6":0,"7":0,"8":0,"9":0,"10":1},"f":{"0":0,"1":0,"2":0,"3":0},"b":{"0":[0,0],"1":[0,0],"2":[0,0]},"_coverageSchema":"1a1c01bbd47fc00a2c39e90264f33305004495a9","hash":"f1e62fab995a033fcff0cd73c17561a7c14ec4e8"}
}
