{"/home/galin/Desktop/projects/GitHub/Forum-Project-node/project/backOfficeService.js": {"path":"/home/galin/Desktop/projects/GitHub/Forum-Project-node/project/backOfficeService.js","statementMap":{"0":{"start":{"line":1,"column":34},"end":{"line":1,"column":57}},"1":{"start":{"line":2,"column":15},"end":{"line":2,"column":39}},"2":{"start":{"line":3,"column":15},"end":{"line":3,"column":34}},"3":{"start":{"line":4,"column":11},"end":{"line":4,"column":24}},"4":{"start":{"line":5,"column":13},"end":{"line":5,"column":28}},"5":{"start":{"line":6,"column":21},"end":{"line":6,"column":38}},"6":{"start":{"line":7,"column":22},"end":{"line":7,"column":37}},"7":{"start":{"line":8,"column":23},"end":{"line":8,"column":38}},"8":{"start":{"line":9,"column":20},"end":{"line":9,"column":43}},"9":{"start":{"line":10,"column":15},"end":{"line":10,"column":35}},"10":{"start":{"line":11,"column":14},"end":{"line":11,"column":30}},"11":{"start":{"line":12,"column":15},"end":{"line":12,"column":34}},"12":{"start":{"line":15,"column":1},"end":{"line":15,"column":59}},"13":{"start":{"line":16,"column":1},"end":{"line":16,"column":59}},"14":{"start":{"line":18,"column":12},"end":{"line":18,"column":85}},"15":{"start":{"line":19,"column":15},"end":{"line":19,"column":24}},"16":{"start":{"line":21,"column":1},"end":{"line":21,"column":76}},"17":{"start":{"line":22,"column":4},"end":{"line":22,"column":99}},"18":{"start":{"line":24,"column":1},"end":{"line":24,"column":28}},"19":{"start":{"line":28,"column":4},"end":{"line":28,"column":164}},"20":{"start":{"line":30,"column":21},"end":{"line":30,"column":61}},"21":{"start":{"line":31,"column":4},"end":{"line":31,"column":117}},"22":{"start":{"line":33,"column":19},"end":{"line":33,"column":21}},"23":{"start":{"line":34,"column":19},"end":{"line":34,"column":21}},"24":{"start":{"line":35,"column":17},"end":{"line":35,"column":32}},"25":{"start":{"line":37,"column":4},"end":{"line":39,"column":5}},"26":{"start":{"line":38,"column":8},"end":{"line":38,"column":48}},"27":{"start":{"line":40,"column":4},"end":{"line":40,"column":56}},"28":{"start":{"line":42,"column":4},"end":{"line":117,"column":5}},"29":{"start":{"line":43,"column":22},"end":{"line":43,"column":70}},"30":{"start":{"line":45,"column":8},"end":{"line":45,"column":47}},"31":{"start":{"line":47,"column":8},"end":{"line":111,"column":9}},"32":{"start":{"line":48,"column":29},"end":{"line":48,"column":44}},"33":{"start":{"line":50,"column":12},"end":{"line":50,"column":50}},"34":{"start":{"line":52,"column":12},"end":{"line":52,"column":79}},"35":{"start":{"line":52,"column":70},"end":{"line":52,"column":79}},"36":{"start":{"line":55,"column":39},"end":{"line":55,"column":80}},"37":{"start":{"line":57,"column":12},"end":{"line":57,"column":47}},"38":{"start":{"line":57,"column":38},"end":{"line":57,"column":47}},"39":{"start":{"line":59,"column":32},"end":{"line":59,"column":50}},"40":{"start":{"line":60,"column":32},"end":{"line":60,"column":59}},"41":{"start":{"line":62,"column":39},"end":{"line":62,"column":103}},"42":{"start":{"line":62,"column":64},"end":{"line":62,"column":102}},"43":{"start":{"line":63,"column":32},"end":{"line":63,"column":89}},"44":{"start":{"line":63,"column":57},"end":{"line":63,"column":88}},"45":{"start":{"line":65,"column":30},"end":{"line":65,"column":69}},"46":{"start":{"line":66,"column":34},"end":{"line":66,"column":77}},"47":{"start":{"line":68,"column":12},"end":{"line":110,"column":13}},"48":{"start":{"line":69,"column":16},"end":{"line":69,"column":95}},"49":{"start":{"line":70,"column":33},"end":{"line":70,"column":49}},"50":{"start":{"line":71,"column":39},"end":{"line":71,"column":64}},"51":{"start":{"line":72,"column":33},"end":{"line":72,"column":79}},"52":{"start":{"line":74,"column":33},"end":{"line":77,"column":17}},"53":{"start":{"line":79,"column":16},"end":{"line":79,"column":45}},"54":{"start":{"line":80,"column":16},"end":{"line":80,"column":44}},"55":{"start":{"line":82,"column":32},"end":{"line":82,"column":42}},"56":{"start":{"line":83,"column":16},"end":{"line":83,"column":39}},"57":{"start":{"line":85,"column":26},"end":{"line":85,"column":52}},"58":{"start":{"line":86,"column":16},"end":{"line":86,"column":65}},"59":{"start":{"line":88,"column":16},"end":{"line":88,"column":76}},"60":{"start":{"line":90,"column":16},"end":{"line":90,"column":102}},"61":{"start":{"line":92,"column":34},"end":{"line":92,"column":46}},"62":{"start":{"line":93,"column":35},"end":{"line":93,"column":60}},"63":{"start":{"line":95,"column":16},"end":{"line":95,"column":77}},"64":{"start":{"line":97,"column":16},"end":{"line":109,"column":17}},"65":{"start":{"line":98,"column":20},"end":{"line":100,"column":21}},"66":{"start":{"line":99,"column":24},"end":{"line":99,"column":95}},"67":{"start":{"line":102,"column":20},"end":{"line":102,"column":57}},"68":{"start":{"line":103,"column":20},"end":{"line":103,"column":70}},"69":{"start":{"line":104,"column":23},"end":{"line":109,"column":17}},"70":{"start":{"line":105,"column":20},"end":{"line":105,"column":58}},"71":{"start":{"line":106,"column":20},"end":{"line":106,"column":52}},"72":{"start":{"line":108,"column":20},"end":{"line":108,"column":53}},"73":{"start":{"line":113,"column":8},"end":{"line":113,"column":51}},"74":{"start":{"line":114,"column":8},"end":{"line":114,"column":37}},"75":{"start":{"line":116,"column":8},"end":{"line":116,"column":21}},"76":{"start":{"line":121,"column":4},"end":{"line":121,"column":164}},"77":{"start":{"line":123,"column":21},"end":{"line":123,"column":61}},"78":{"start":{"line":124,"column":4},"end":{"line":124,"column":117}},"79":{"start":{"line":126,"column":17},"end":{"line":126,"column":32}},"80":{"start":{"line":128,"column":4},"end":{"line":130,"column":5}},"81":{"start":{"line":129,"column":8},"end":{"line":129,"column":48}},"82":{"start":{"line":131,"column":18},"end":{"line":131,"column":66}},"83":{"start":{"line":133,"column":4},"end":{"line":163,"column":5}},"84":{"start":{"line":134,"column":25},"end":{"line":134,"column":40}},"85":{"start":{"line":136,"column":8},"end":{"line":136,"column":117}},"86":{"start":{"line":136,"column":108},"end":{"line":136,"column":117}},"87":{"start":{"line":138,"column":35},"end":{"line":138,"column":76}},"88":{"start":{"line":140,"column":8},"end":{"line":140,"column":43}},"89":{"start":{"line":140,"column":34},"end":{"line":140,"column":43}},"90":{"start":{"line":142,"column":28},"end":{"line":142,"column":46}},"91":{"start":{"line":143,"column":28},"end":{"line":143,"column":55}},"92":{"start":{"line":144,"column":35},"end":{"line":144,"column":99}},"93":{"start":{"line":144,"column":60},"end":{"line":144,"column":98}},"94":{"start":{"line":145,"column":28},"end":{"line":145,"column":85}},"95":{"start":{"line":145,"column":53},"end":{"line":145,"column":84}},"96":{"start":{"line":147,"column":30},"end":{"line":147,"column":73}},"97":{"start":{"line":148,"column":26},"end":{"line":148,"column":58}},"98":{"start":{"line":150,"column":8},"end":{"line":150,"column":51}},"99":{"start":{"line":152,"column":8},"end":{"line":152,"column":62}},"100":{"start":{"line":153,"column":8},"end":{"line":153,"column":95}},"101":{"start":{"line":155,"column":25},"end":{"line":155,"column":41}},"102":{"start":{"line":156,"column":25},"end":{"line":156,"column":66}},"103":{"start":{"line":157,"column":8},"end":{"line":157,"column":68}},"104":{"start":{"line":158,"column":24},"end":{"line":158,"column":68}},"105":{"start":{"line":160,"column":8},"end":{"line":162,"column":9}},"106":{"start":{"line":161,"column":12},"end":{"line":161,"column":28}},"107":{"start":{"line":168,"column":18},"end":{"line":168,"column":73}},"108":{"start":{"line":168,"column":50},"end":{"line":168,"column":72}},"109":{"start":{"line":169,"column":20},"end":{"line":169,"column":39}},"110":{"start":{"line":171,"column":4},"end":{"line":212,"column":5}},"111":{"start":{"line":172,"column":23},"end":{"line":172,"column":38}},"112":{"start":{"line":174,"column":20},"end":{"line":177,"column":14}},"113":{"start":{"line":175,"column":12},"end":{"line":175,"column":40}},"114":{"start":{"line":176,"column":12},"end":{"line":176,"column":23}},"115":{"start":{"line":179,"column":33},"end":{"line":179,"column":74}},"116":{"start":{"line":180,"column":31},"end":{"line":180,"column":64}},"117":{"start":{"line":181,"column":25},"end":{"line":181,"column":71}},"118":{"start":{"line":183,"column":25},"end":{"line":186,"column":9}},"119":{"start":{"line":188,"column":8},"end":{"line":188,"column":37}},"120":{"start":{"line":189,"column":8},"end":{"line":189,"column":36}},"121":{"start":{"line":191,"column":24},"end":{"line":191,"column":34}},"122":{"start":{"line":192,"column":23},"end":{"line":192,"column":25}},"123":{"start":{"line":193,"column":8},"end":{"line":193,"column":31}},"124":{"start":{"line":195,"column":8},"end":{"line":208,"column":9}},"125":{"start":{"line":196,"column":29},"end":{"line":200,"column":14}},"126":{"start":{"line":202,"column":12},"end":{"line":202,"column":65}},"127":{"start":{"line":203,"column":12},"end":{"line":203,"column":98}},"128":{"start":{"line":206,"column":12},"end":{"line":206,"column":75}},"129":{"start":{"line":207,"column":12},"end":{"line":207,"column":24}},"130":{"start":{"line":210,"column":26},"end":{"line":210,"column":55}},"131":{"start":{"line":211,"column":8},"end":{"line":211,"column":26}},"132":{"start":{"line":216,"column":19},"end":{"line":216,"column":21}},"133":{"start":{"line":217,"column":23},"end":{"line":217,"column":25}},"134":{"start":{"line":218,"column":23},"end":{"line":218,"column":28}},"135":{"start":{"line":220,"column":4},"end":{"line":238,"column":5}},"136":{"start":{"line":220,"column":17},"end":{"line":220,"column":18}},"137":{"start":{"line":221,"column":21},"end":{"line":221,"column":28}},"138":{"start":{"line":223,"column":8},"end":{"line":237,"column":9}},"139":{"start":{"line":225,"column":12},"end":{"line":225,"column":32}},"140":{"start":{"line":226,"column":12},"end":{"line":226,"column":16}},"141":{"start":{"line":227,"column":15},"end":{"line":237,"column":9}},"142":{"start":{"line":229,"column":12},"end":{"line":229,"column":41}},"143":{"start":{"line":230,"column":15},"end":{"line":237,"column":9}},"144":{"start":{"line":232,"column":12},"end":{"line":232,"column":38}},"145":{"start":{"line":233,"column":12},"end":{"line":233,"column":30}},"146":{"start":{"line":236,"column":12},"end":{"line":236,"column":33}},"147":{"start":{"line":241,"column":4},"end":{"line":241,"column":30}},"148":{"start":{"line":243,"column":4},"end":{"line":243,"column":45}},"149":{"start":{"line":243,"column":31},"end":{"line":243,"column":43}},"150":{"start":{"line":247,"column":4},"end":{"line":247,"column":63}},"151":{"start":{"line":248,"column":4},"end":{"line":248,"column":28}},"152":{"start":{"line":249,"column":4},"end":{"line":249,"column":26}},"153":{"start":{"line":250,"column":15},"end":{"line":250,"column":17}},"154":{"start":{"line":251,"column":17},"end":{"line":251,"column":19}},"155":{"start":{"line":252,"column":28},"end":{"line":252,"column":30}},"156":{"start":{"line":253,"column":28},"end":{"line":253,"column":30}},"157":{"start":{"line":254,"column":30},"end":{"line":254,"column":32}},"158":{"start":{"line":256,"column":1},"end":{"line":319,"column":5}},"159":{"start":{"line":258,"column":8},"end":{"line":258,"column":29}},"160":{"start":{"line":259,"column":8},"end":{"line":259,"column":27}},"161":{"start":{"line":261,"column":8},"end":{"line":261,"column":45}},"162":{"start":{"line":262,"column":8},"end":{"line":262,"column":43}},"163":{"start":{"line":264,"column":8},"end":{"line":264,"column":39}},"164":{"start":{"line":265,"column":8},"end":{"line":265,"column":37}},"165":{"start":{"line":267,"column":8},"end":{"line":267,"column":39}},"166":{"start":{"line":268,"column":8},"end":{"line":268,"column":36}},"167":{"start":{"line":270,"column":8},"end":{"line":270,"column":24}},"168":{"start":{"line":272,"column":8},"end":{"line":272,"column":63}},"169":{"start":{"line":272,"column":54},"end":{"line":272,"column":63}},"170":{"start":{"line":274,"column":8},"end":{"line":274,"column":38}},"171":{"start":{"line":275,"column":8},"end":{"line":318,"column":9}},"172":{"start":{"line":276,"column":12},"end":{"line":301,"column":13}},"173":{"start":{"line":277,"column":16},"end":{"line":277,"column":50}},"174":{"start":{"line":277,"column":40},"end":{"line":277,"column":49}},"175":{"start":{"line":278,"column":16},"end":{"line":278,"column":79}},"176":{"start":{"line":281,"column":35},"end":{"line":281,"column":62}},"177":{"start":{"line":282,"column":34},"end":{"line":282,"column":61}},"178":{"start":{"line":283,"column":40},"end":{"line":283,"column":67}},"179":{"start":{"line":285,"column":16},"end":{"line":285,"column":42}},"180":{"start":{"line":286,"column":16},"end":{"line":286,"column":40}},"181":{"start":{"line":287,"column":16},"end":{"line":287,"column":41}},"182":{"start":{"line":288,"column":16},"end":{"line":288,"column":39}},"183":{"start":{"line":289,"column":16},"end":{"line":289,"column":47}},"184":{"start":{"line":290,"column":16},"end":{"line":290,"column":45}},"185":{"start":{"line":292,"column":45},"end":{"line":292,"column":103}},"186":{"start":{"line":293,"column":16},"end":{"line":293,"column":52}},"187":{"start":{"line":294,"column":16},"end":{"line":294,"column":50}},"188":{"start":{"line":295,"column":16},"end":{"line":295,"column":66}},"189":{"start":{"line":296,"column":16},"end":{"line":296,"column":51}},"190":{"start":{"line":297,"column":16},"end":{"line":297,"column":49}},"191":{"start":{"line":299,"column":16},"end":{"line":299,"column":86}},"192":{"start":{"line":300,"column":16},"end":{"line":300,"column":100}},"193":{"start":{"line":302,"column":12},"end":{"line":302,"column":31}},"194":{"start":{"line":304,"column":15},"end":{"line":318,"column":9}},"195":{"start":{"line":306,"column":12},"end":{"line":306,"column":97}},"196":{"start":{"line":316,"column":12},"end":{"line":316,"column":32}},"197":{"start":{"line":317,"column":12},"end":{"line":317,"column":41}},"198":{"start":{"line":321,"column":4},"end":{"line":321,"column":87}},"199":{"start":{"line":326,"column":18},"end":{"line":326,"column":35}},"200":{"start":{"line":330,"column":4},"end":{"line":336,"column":5}},"201":{"start":{"line":330,"column":17},"end":{"line":330,"column":18}},"202":{"start":{"line":331,"column":21},"end":{"line":331,"column":36}},"203":{"start":{"line":333,"column":8},"end":{"line":335,"column":9}},"204":{"start":{"line":334,"column":12},"end":{"line":334,"column":38}},"205":{"start":{"line":337,"column":4},"end":{"line":337,"column":16}},"206":{"start":{"line":341,"column":20},"end":{"line":341,"column":22}},"207":{"start":{"line":342,"column":16},"end":{"line":342,"column":18}},"208":{"start":{"line":343,"column":24},"end":{"line":343,"column":26}},"209":{"start":{"line":345,"column":20},"end":{"line":345,"column":32}},"210":{"start":{"line":346,"column":30},"end":{"line":346,"column":47}},"211":{"start":{"line":347,"column":4},"end":{"line":347,"column":60}},"212":{"start":{"line":349,"column":4},"end":{"line":450,"column":5}},"213":{"start":{"line":350,"column":8},"end":{"line":350,"column":29}},"214":{"start":{"line":351,"column":8},"end":{"line":351,"column":27}},"215":{"start":{"line":352,"column":8},"end":{"line":352,"column":31}},"216":{"start":{"line":353,"column":8},"end":{"line":353,"column":29}},"217":{"start":{"line":354,"column":8},"end":{"line":354,"column":38}},"218":{"start":{"line":356,"column":8},"end":{"line":358,"column":9}},"219":{"start":{"line":357,"column":12},"end":{"line":357,"column":21}},"220":{"start":{"line":360,"column":8},"end":{"line":372,"column":9}},"221":{"start":{"line":361,"column":12},"end":{"line":370,"column":13}},"222":{"start":{"line":362,"column":16},"end":{"line":362,"column":92}},"223":{"start":{"line":363,"column":19},"end":{"line":370,"column":13}},"224":{"start":{"line":364,"column":16},"end":{"line":364,"column":143}},"225":{"start":{"line":365,"column":19},"end":{"line":370,"column":13}},"226":{"start":{"line":366,"column":16},"end":{"line":369,"column":18}},"227":{"start":{"line":371,"column":12},"end":{"line":371,"column":21}},"228":{"start":{"line":374,"column":5},"end":{"line":449,"column":9}},"229":{"start":{"line":376,"column":25},"end":{"line":376,"column":53}},"230":{"start":{"line":377,"column":31},"end":{"line":377,"column":65}},"231":{"start":{"line":378,"column":31},"end":{"line":378,"column":65}},"232":{"start":{"line":379,"column":27},"end":{"line":379,"column":57}},"233":{"start":{"line":380,"column":28},"end":{"line":380,"column":59}},"234":{"start":{"line":381,"column":37},"end":{"line":381,"column":74}},"235":{"start":{"line":383,"column":12},"end":{"line":383,"column":178}},"236":{"start":{"line":386,"column":12},"end":{"line":386,"column":115}},"237":{"start":{"line":389,"column":12},"end":{"line":389,"column":120}},"238":{"start":{"line":394,"column":9},"end":{"line":394,"column":100}},"239":{"start":{"line":396,"column":12},"end":{"line":449,"column":9}},"240":{"start":{"line":399,"column":25},"end":{"line":399,"column":49}},"241":{"start":{"line":400,"column":26},"end":{"line":400,"column":50}},"242":{"start":{"line":401,"column":35},"end":{"line":401,"column":60}},"243":{"start":{"line":402,"column":34},"end":{"line":402,"column":71}},"244":{"start":{"line":404,"column":12},"end":{"line":404,"column":57}},"245":{"start":{"line":405,"column":12},"end":{"line":405,"column":37}},"246":{"start":{"line":406,"column":12},"end":{"line":406,"column":35}},"247":{"start":{"line":407,"column":12},"end":{"line":407,"column":38}},"248":{"start":{"line":408,"column":12},"end":{"line":408,"column":36}},"249":{"start":{"line":409,"column":12},"end":{"line":409,"column":47}},"250":{"start":{"line":410,"column":12},"end":{"line":410,"column":45}},"251":{"start":{"line":411,"column":9},"end":{"line":411,"column":43}},"252":{"start":{"line":412,"column":9},"end":{"line":412,"column":41}},"253":{"start":{"line":413,"column":9},"end":{"line":413,"column":37}},"254":{"start":{"line":414,"column":9},"end":{"line":414,"column":35}},"255":{"start":{"line":416,"column":9},"end":{"line":433,"column":10}},"256":{"start":{"line":417,"column":13},"end":{"line":417,"column":66}},"257":{"start":{"line":418,"column":16},"end":{"line":424,"column":17}},"258":{"start":{"line":419,"column":20},"end":{"line":419,"column":106}},"259":{"start":{"line":420,"column":20},"end":{"line":420,"column":126}},"260":{"start":{"line":422,"column":20},"end":{"line":422,"column":106}},"261":{"start":{"line":423,"column":17},"end":{"line":423,"column":117}},"262":{"start":{"line":426,"column":13},"end":{"line":426,"column":63}},"263":{"start":{"line":428,"column":42},"end":{"line":428,"column":67}},"264":{"start":{"line":429,"column":14},"end":{"line":429,"column":100}},"265":{"start":{"line":430,"column":14},"end":{"line":430,"column":93}},"266":{"start":{"line":432,"column":14},"end":{"line":432,"column":72}},"267":{"start":{"line":434,"column":12},"end":{"line":434,"column":57}},"268":{"start":{"line":442,"column":12},"end":{"line":448,"column":13}},"269":{"start":{"line":443,"column":16},"end":{"line":443,"column":95}},"270":{"start":{"line":444,"column":16},"end":{"line":444,"column":74}},"271":{"start":{"line":446,"column":16},"end":{"line":446,"column":81}},"272":{"start":{"line":447,"column":16},"end":{"line":447,"column":60}},"273":{"start":{"line":452,"column":4},"end":{"line":452,"column":32}},"274":{"start":{"line":453,"column":4},"end":{"line":453,"column":30}},"275":{"start":{"line":454,"column":4},"end":{"line":454,"column":25}},"276":{"start":{"line":455,"column":4},"end":{"line":455,"column":23}},"277":{"start":{"line":456,"column":4},"end":{"line":456,"column":33}},"278":{"start":{"line":457,"column":4},"end":{"line":457,"column":31}},"279":{"start":{"line":458,"column":4},"end":{"line":458,"column":47}},"280":{"start":{"line":462,"column":4},"end":{"line":462,"column":28}},"281":{"start":{"line":463,"column":4},"end":{"line":463,"column":26}},"282":{"start":{"line":465,"column":17},"end":{"line":465,"column":29}},"283":{"start":{"line":467,"column":15},"end":{"line":467,"column":29}},"284":{"start":{"line":468,"column":26},"end":{"line":468,"column":28}},"285":{"start":{"line":469,"column":17},"end":{"line":469,"column":19}},"286":{"start":{"line":471,"column":4},"end":{"line":471,"column":81}},"287":{"start":{"line":472,"column":4},"end":{"line":472,"column":25}},"288":{"start":{"line":474,"column":4},"end":{"line":534,"column":7}},"289":{"start":{"line":475,"column":8},"end":{"line":475,"column":30}},"290":{"start":{"line":476,"column":8},"end":{"line":476,"column":28}},"291":{"start":{"line":477,"column":8},"end":{"line":477,"column":54}},"292":{"start":{"line":478,"column":8},"end":{"line":478,"column":52}},"293":{"start":{"line":479,"column":8},"end":{"line":479,"column":59}},"294":{"start":{"line":480,"column":8},"end":{"line":480,"column":57}},"295":{"start":{"line":481,"column":8},"end":{"line":481,"column":58}},"296":{"start":{"line":485,"column":8},"end":{"line":533,"column":9}},"297":{"start":{"line":486,"column":29},"end":{"line":486,"column":55}},"298":{"start":{"line":487,"column":27},"end":{"line":487,"column":51}},"299":{"start":{"line":489,"column":12},"end":{"line":492,"column":13}},"300":{"start":{"line":490,"column":16},"end":{"line":490,"column":88}},"301":{"start":{"line":491,"column":16},"end":{"line":491,"column":38}},"302":{"start":{"line":493,"column":12},"end":{"line":496,"column":13}},"303":{"start":{"line":494,"column":16},"end":{"line":494,"column":88}},"304":{"start":{"line":495,"column":16},"end":{"line":495,"column":36}},"305":{"start":{"line":497,"column":15},"end":{"line":533,"column":9}},"306":{"start":{"line":498,"column":12},"end":{"line":498,"column":44}},"307":{"start":{"line":499,"column":12},"end":{"line":499,"column":83}},"308":{"start":{"line":500,"column":12},"end":{"line":500,"column":42}},"309":{"start":{"line":501,"column":15},"end":{"line":533,"column":9}},"310":{"start":{"line":502,"column":12},"end":{"line":502,"column":58}},"311":{"start":{"line":503,"column":33},"end":{"line":503,"column":88}},"312":{"start":{"line":505,"column":12},"end":{"line":505,"column":140}},"313":{"start":{"line":506,"column":12},"end":{"line":506,"column":42}},"314":{"start":{"line":507,"column":15},"end":{"line":533,"column":9}},"315":{"start":{"line":508,"column":12},"end":{"line":508,"column":63}},"316":{"start":{"line":509,"column":12},"end":{"line":509,"column":61}},"317":{"start":{"line":510,"column":12},"end":{"line":510,"column":46}},"318":{"start":{"line":511,"column":12},"end":{"line":511,"column":44}},"319":{"start":{"line":512,"column":12},"end":{"line":512,"column":46}},"320":{"start":{"line":513,"column":12},"end":{"line":513,"column":44}},"321":{"start":{"line":515,"column":12},"end":{"line":519,"column":13}},"322":{"start":{"line":516,"column":16},"end":{"line":516,"column":90}},"323":{"start":{"line":517,"column":16},"end":{"line":517,"column":84}},"324":{"start":{"line":518,"column":16},"end":{"line":518,"column":48}},"325":{"start":{"line":520,"column":12},"end":{"line":524,"column":13}},"326":{"start":{"line":521,"column":16},"end":{"line":521,"column":90}},"327":{"start":{"line":522,"column":16},"end":{"line":522,"column":84}},"328":{"start":{"line":523,"column":16},"end":{"line":523,"column":48}},"329":{"start":{"line":525,"column":15},"end":{"line":533,"column":9}},"330":{"start":{"line":526,"column":12},"end":{"line":526,"column":125}},"331":{"start":{"line":527,"column":12},"end":{"line":527,"column":94}},"332":{"start":{"line":528,"column":12},"end":{"line":528,"column":42}},"333":{"start":{"line":529,"column":12},"end":{"line":529,"column":41}},"334":{"start":{"line":530,"column":15},"end":{"line":533,"column":9}},"335":{"start":{"line":531,"column":12},"end":{"line":531,"column":72}},"336":{"start":{"line":532,"column":12},"end":{"line":532,"column":40}},"337":{"start":{"line":536,"column":4},"end":{"line":536,"column":36}},"338":{"start":{"line":540,"column":22},"end":{"line":540,"column":65}},"339":{"start":{"line":542,"column":18},"end":{"line":542,"column":19}},"340":{"start":{"line":543,"column":25},"end":{"line":543,"column":27}},"341":{"start":{"line":544,"column":27},"end":{"line":544,"column":32}},"342":{"start":{"line":545,"column":26},"end":{"line":545,"column":28}},"343":{"start":{"line":546,"column":22},"end":{"line":546,"column":24}},"344":{"start":{"line":547,"column":21},"end":{"line":547,"column":22}},"345":{"start":{"line":549,"column":4},"end":{"line":553,"column":7}},"346":{"start":{"line":550,"column":5},"end":{"line":552,"column":9}},"347":{"start":{"line":551,"column":12},"end":{"line":551,"column":36}},"348":{"start":{"line":555,"column":4},"end":{"line":629,"column":7}},"349":{"start":{"line":556,"column":30},"end":{"line":556,"column":46}},"350":{"start":{"line":557,"column":8},"end":{"line":569,"column":9}},"351":{"start":{"line":558,"column":12},"end":{"line":558,"column":137}},"352":{"start":{"line":559,"column":15},"end":{"line":569,"column":9}},"353":{"start":{"line":560,"column":12},"end":{"line":560,"column":107}},"354":{"start":{"line":562,"column":38},"end":{"line":562,"column":96}},"355":{"start":{"line":563,"column":12},"end":{"line":568,"column":13}},"356":{"start":{"line":564,"column":47},"end":{"line":564,"column":123}},"357":{"start":{"line":565,"column":16},"end":{"line":565,"column":104}},"358":{"start":{"line":567,"column":16},"end":{"line":567,"column":141}},"359":{"start":{"line":572,"column":26},"end":{"line":572,"column":65}},"360":{"start":{"line":573,"column":8},"end":{"line":619,"column":9}},"361":{"start":{"line":574,"column":33},"end":{"line":574,"column":84}},"362":{"start":{"line":575,"column":31},"end":{"line":575,"column":80}},"363":{"start":{"line":577,"column":12},"end":{"line":586,"column":13}},"364":{"start":{"line":578,"column":33},"end":{"line":580,"column":72}},"365":{"start":{"line":581,"column":16},"end":{"line":581,"column":63}},"366":{"start":{"line":582,"column":16},"end":{"line":582,"column":32}},"367":{"start":{"line":583,"column":16},"end":{"line":583,"column":80}},"368":{"start":{"line":585,"column":16},"end":{"line":585,"column":76}},"369":{"start":{"line":587,"column":15},"end":{"line":619,"column":9}},"370":{"start":{"line":588,"column":27},"end":{"line":588,"column":76}},"371":{"start":{"line":589,"column":27},"end":{"line":589,"column":76}},"372":{"start":{"line":591,"column":12},"end":{"line":591,"column":77}},"373":{"start":{"line":593,"column":12},"end":{"line":595,"column":13}},"374":{"start":{"line":594,"column":16},"end":{"line":594,"column":32}},"375":{"start":{"line":596,"column":12},"end":{"line":598,"column":13}},"376":{"start":{"line":597,"column":16},"end":{"line":597,"column":33}},"377":{"start":{"line":600,"column":29},"end":{"line":602,"column":72}},"378":{"start":{"line":603,"column":16},"end":{"line":603,"column":53}},"379":{"start":{"line":604,"column":16},"end":{"line":604,"column":32}},"380":{"start":{"line":605,"column":16},"end":{"line":605,"column":80}},"381":{"start":{"line":607,"column":12},"end":{"line":607,"column":76}},"382":{"start":{"line":610,"column":32},"end":{"line":610,"column":77}},"383":{"start":{"line":611,"column":12},"end":{"line":618,"column":13}},"384":{"start":{"line":612,"column":35},"end":{"line":612,"column":109}},"385":{"start":{"line":613,"column":16},"end":{"line":613,"column":46}},"386":{"start":{"line":614,"column":16},"end":{"line":614,"column":32}},"387":{"start":{"line":615,"column":16},"end":{"line":615,"column":80}},"388":{"start":{"line":617,"column":16},"end":{"line":617,"column":76}},"389":{"start":{"line":622,"column":24},"end":{"line":622,"column":62}},"390":{"start":{"line":623,"column":8},"end":{"line":623,"column":40}},"391":{"start":{"line":625,"column":8},"end":{"line":628,"column":9}},"392":{"start":{"line":626,"column":12},"end":{"line":626,"column":71}},"393":{"start":{"line":627,"column":12},"end":{"line":627,"column":22}},"394":{"start":{"line":631,"column":4},"end":{"line":632,"column":102}},"395":{"start":{"line":641,"column":4},"end":{"line":641,"column":49}},"396":{"start":{"line":642,"column":4},"end":{"line":642,"column":45}},"397":{"start":{"line":644,"column":4},"end":{"line":644,"column":38}},"398":{"start":{"line":648,"column":4},"end":{"line":664,"column":7}},"399":{"start":{"line":649,"column":23},"end":{"line":649,"column":62}},"400":{"start":{"line":650,"column":29},"end":{"line":650,"column":70}},"401":{"start":{"line":650,"column":54},"end":{"line":650,"column":69}},"402":{"start":{"line":651,"column":23},"end":{"line":651,"column":53}},"403":{"start":{"line":653,"column":8},"end":{"line":653,"column":30}},"404":{"start":{"line":654,"column":8},"end":{"line":654,"column":28}},"405":{"start":{"line":655,"column":8},"end":{"line":655,"column":36}},"406":{"start":{"line":656,"column":8},"end":{"line":656,"column":34}},"407":{"start":{"line":657,"column":8},"end":{"line":657,"column":30}},"408":{"start":{"line":658,"column":8},"end":{"line":658,"column":28}},"409":{"start":{"line":660,"column":8},"end":{"line":663,"column":10}},"410":{"start":{"line":669,"column":4},"end":{"line":778,"column":5}},"411":{"start":{"line":670,"column":8},"end":{"line":693,"column":10}},"412":{"start":{"line":694,"column":11},"end":{"line":778,"column":5}},"413":{"start":{"line":695,"column":8},"end":{"line":737,"column":10}},"414":{"start":{"line":738,"column":11},"end":{"line":778,"column":5}},"415":{"start":{"line":739,"column":8},"end":{"line":777,"column":10}},"416":{"start":{"line":780,"column":4},"end":{"line":780,"column":23}},"417":{"start":{"line":784,"column":19},"end":{"line":784,"column":56}},"418":{"start":{"line":785,"column":4},"end":{"line":800,"column":5}},"419":{"start":{"line":786,"column":8},"end":{"line":797,"column":9}},"420":{"start":{"line":787,"column":12},"end":{"line":787,"column":64}},"421":{"start":{"line":788,"column":25},"end":{"line":793,"column":14}},"422":{"start":{"line":789,"column":16},"end":{"line":792,"column":19}},"423":{"start":{"line":790,"column":20},"end":{"line":790,"column":48}},"424":{"start":{"line":790,"column":29},"end":{"line":790,"column":48}},"425":{"start":{"line":791,"column":20},"end":{"line":791,"column":34}},"426":{"start":{"line":795,"column":12},"end":{"line":795,"column":41}},"427":{"start":{"line":795,"column":35},"end":{"line":795,"column":41}},"428":{"start":{"line":796,"column":12},"end":{"line":796,"column":23}},"429":{"start":{"line":799,"column":8},"end":{"line":799,"column":23}},"430":{"start":{"line":804,"column":24},"end":{"line":813,"column":41}},"431":{"start":{"line":815,"column":4},"end":{"line":815,"column":28}},"432":{"start":{"line":819,"column":4},"end":{"line":819,"column":49}},"433":{"start":{"line":820,"column":4},"end":{"line":836,"column":5}},"434":{"start":{"line":821,"column":8},"end":{"line":821,"column":34}},"435":{"start":{"line":822,"column":11},"end":{"line":836,"column":5}},"436":{"start":{"line":823,"column":8},"end":{"line":823,"column":35}},"437":{"start":{"line":824,"column":11},"end":{"line":836,"column":5}},"438":{"start":{"line":825,"column":8},"end":{"line":825,"column":34}},"439":{"start":{"line":826,"column":11},"end":{"line":836,"column":5}},"440":{"start":{"line":827,"column":8},"end":{"line":827,"column":35}},"441":{"start":{"line":828,"column":11},"end":{"line":836,"column":5}},"442":{"start":{"line":829,"column":8},"end":{"line":829,"column":35}},"443":{"start":{"line":830,"column":11},"end":{"line":836,"column":5}},"444":{"start":{"line":831,"column":8},"end":{"line":831,"column":34}},"445":{"start":{"line":832,"column":11},"end":{"line":836,"column":5}},"446":{"start":{"line":833,"column":8},"end":{"line":833,"column":34}},"447":{"start":{"line":834,"column":11},"end":{"line":836,"column":5}},"448":{"start":{"line":835,"column":8},"end":{"line":835,"column":39}},"449":{"start":{"line":838,"column":24},"end":{"line":838,"column":72}},"450":{"start":{"line":839,"column":31},"end":{"line":841,"column":36}},"451":{"start":{"line":840,"column":21},"end":{"line":840,"column":47}},"452":{"start":{"line":841,"column":18},"end":{"line":841,"column":35}},"453":{"start":{"line":842,"column":4},"end":{"line":842,"column":42}},"454":{"start":{"line":843,"column":4},"end":{"line":843,"column":58}},"455":{"start":{"line":845,"column":4},"end":{"line":845,"column":121}},"456":{"start":{"line":847,"column":4},"end":{"line":847,"column":75}},"457":{"start":{"line":851,"column":27},"end":{"line":855,"column":38}},"458":{"start":{"line":857,"column":21},"end":{"line":861,"column":38}},"459":{"start":{"line":863,"column":4},"end":{"line":863,"column":68}},"460":{"start":{"line":867,"column":27},"end":{"line":872,"column":44}},"461":{"start":{"line":874,"column":4},"end":{"line":874,"column":82}},"462":{"start":{"line":876,"column":4},"end":{"line":876,"column":26}},"463":{"start":{"line":880,"column":24},"end":{"line":880,"column":68}},"464":{"start":{"line":881,"column":21},"end":{"line":881,"column":40}},"465":{"start":{"line":882,"column":4},"end":{"line":882,"column":46}},"466":{"start":{"line":883,"column":4},"end":{"line":883,"column":67}},"467":{"start":{"line":885,"column":4},"end":{"line":885,"column":94}},"468":{"start":{"line":886,"column":30},"end":{"line":886,"column":58}},"469":{"start":{"line":888,"column":15},"end":{"line":888,"column":28}},"470":{"start":{"line":890,"column":4},"end":{"line":1027,"column":5}},"471":{"start":{"line":891,"column":32},"end":{"line":891,"column":95}},"472":{"start":{"line":892,"column":30},"end":{"line":892,"column":98}},"473":{"start":{"line":894,"column":8},"end":{"line":894,"column":73}},"474":{"start":{"line":895,"column":8},"end":{"line":895,"column":71}},"475":{"start":{"line":896,"column":8},"end":{"line":896,"column":52}},"476":{"start":{"line":898,"column":11},"end":{"line":1027,"column":5}},"477":{"start":{"line":899,"column":8},"end":{"line":899,"column":78}},"478":{"start":{"line":900,"column":8},"end":{"line":900,"column":76}},"479":{"start":{"line":902,"column":8},"end":{"line":910,"column":13}},"480":{"start":{"line":912,"column":25},"end":{"line":912,"column":26}},"481":{"start":{"line":913,"column":32},"end":{"line":913,"column":33}},"482":{"start":{"line":914,"column":30},"end":{"line":914,"column":32}},"483":{"start":{"line":916,"column":8},"end":{"line":948,"column":9}},"484":{"start":{"line":918,"column":12},"end":{"line":918,"column":44}},"485":{"start":{"line":920,"column":30},"end":{"line":920,"column":42}},"486":{"start":{"line":921,"column":27},"end":{"line":921,"column":48}},"487":{"start":{"line":922,"column":24},"end":{"line":922,"column":37}},"488":{"start":{"line":923,"column":12},"end":{"line":923,"column":45}},"489":{"start":{"line":924,"column":22},"end":{"line":924,"column":33}},"490":{"start":{"line":926,"column":27},"end":{"line":926,"column":42}},"491":{"start":{"line":928,"column":29},"end":{"line":928,"column":67}},"492":{"start":{"line":930,"column":12},"end":{"line":930,"column":37}},"493":{"start":{"line":932,"column":36},"end":{"line":932,"column":65}},"494":{"start":{"line":934,"column":12},"end":{"line":934,"column":51}},"495":{"start":{"line":936,"column":43},"end":{"line":936,"column":99}},"496":{"start":{"line":938,"column":39},"end":{"line":938,"column":102}},"497":{"start":{"line":940,"column":12},"end":{"line":947,"column":13}},"498":{"start":{"line":949,"column":30},"end":{"line":949,"column":68}},"499":{"start":{"line":950,"column":30},"end":{"line":950,"column":83}},"500":{"start":{"line":951,"column":34},"end":{"line":951,"column":105}},"501":{"start":{"line":954,"column":8},"end":{"line":974,"column":9}},"502":{"start":{"line":976,"column":8},"end":{"line":994,"column":9}},"503":{"start":{"line":977,"column":12},"end":{"line":991,"column":13}},"504":{"start":{"line":993,"column":12},"end":{"line":993,"column":30}},"505":{"start":{"line":996,"column":8},"end":{"line":996,"column":34}},"506":{"start":{"line":998,"column":27},"end":{"line":1016,"column":9}},"507":{"start":{"line":1017,"column":8},"end":{"line":1023,"column":9}},"508":{"start":{"line":1018,"column":12},"end":{"line":1018,"column":48}},"509":{"start":{"line":1019,"column":12},"end":{"line":1019,"column":68}},"510":{"start":{"line":1021,"column":12},"end":{"line":1021,"column":52}},"511":{"start":{"line":1022,"column":12},"end":{"line":1022,"column":68}},"512":{"start":{"line":1026,"column":8},"end":{"line":1026,"column":44}},"513":{"start":{"line":1029,"column":4},"end":{"line":1034,"column":6}},"514":{"start":{"line":1037,"column":0},"end":{"line":1051,"column":1}}},"fnMap":{"0":{"name":"login","decl":{"start":{"line":14,"column":15},"end":{"line":14,"column":20}},"loc":{"start":{"line":14,"column":49},"end":{"line":25,"column":1}},"line":14},"1":{"name":"parseMultipartFormData","decl":{"start":{"line":27,"column":15},"end":{"line":27,"column":37}},"loc":{"start":{"line":27,"column":51},"end":{"line":118,"column":1}},"line":27},"2":{"name":"(anonymous_2)","decl":{"start":{"line":62,"column":56},"end":{"line":62,"column":57}},"loc":{"start":{"line":62,"column":64},"end":{"line":62,"column":102}},"line":62},"3":{"name":"(anonymous_3)","decl":{"start":{"line":63,"column":49},"end":{"line":63,"column":50}},"loc":{"start":{"line":63,"column":57},"end":{"line":63,"column":88}},"line":63},"4":{"name":"parseMultipartFormDataGenerator","decl":{"start":{"line":120,"column":16},"end":{"line":120,"column":47}},"loc":{"start":{"line":120,"column":61},"end":{"line":165,"column":1}},"line":120},"5":{"name":"(anonymous_5)","decl":{"start":{"line":144,"column":52},"end":{"line":144,"column":53}},"loc":{"start":{"line":144,"column":60},"end":{"line":144,"column":98}},"line":144},"6":{"name":"(anonymous_6)","decl":{"start":{"line":145,"column":45},"end":{"line":145,"column":46}},"loc":{"start":{"line":145,"column":53},"end":{"line":145,"column":84}},"line":145},"7":{"name":"parseCSV","decl":{"start":{"line":167,"column":16},"end":{"line":167,"column":24}},"loc":{"start":{"line":167,"column":39},"end":{"line":213,"column":1}},"line":167},"8":{"name":"(anonymous_8)","decl":{"start":{"line":168,"column":42},"end":{"line":168,"column":43}},"loc":{"start":{"line":168,"column":50},"end":{"line":168,"column":72}},"line":168},"9":{"name":"(anonymous_9)","decl":{"start":{"line":174,"column":35},"end":{"line":174,"column":36}},"loc":{"start":{"line":174,"column":59},"end":{"line":177,"column":9}},"line":174},"10":{"name":"parseLine","decl":{"start":{"line":215,"column":9},"end":{"line":215,"column":18}},"loc":{"start":{"line":215,"column":25},"end":{"line":244,"column":1}},"line":215},"11":{"name":"(anonymous_11)","decl":{"start":{"line":243,"column":22},"end":{"line":243,"column":23}},"loc":{"start":{"line":243,"column":31},"end":{"line":243,"column":43}},"line":243},"12":{"name":"mapSchemaPropertiesToDBRelations","decl":{"start":{"line":246,"column":15},"end":{"line":246,"column":47}},"loc":{"start":{"line":246,"column":66},"end":{"line":322,"column":1}},"line":246},"13":{"name":"getBoundary","decl":{"start":{"line":325,"column":9},"end":{"line":325,"column":20}},"loc":{"start":{"line":325,"column":29},"end":{"line":338,"column":1}},"line":325},"14":{"name":"makeTableJoins","decl":{"start":{"line":340,"column":15},"end":{"line":340,"column":29}},"loc":{"start":{"line":340,"column":46},"end":{"line":459,"column":1}},"line":340},"15":{"name":"makeTableFilters","decl":{"start":{"line":461,"column":15},"end":{"line":461,"column":31}},"loc":{"start":{"line":461,"column":45},"end":{"line":537,"column":1}},"line":461},"16":{"name":"(anonymous_16)","decl":{"start":{"line":474,"column":20},"end":{"line":474,"column":21}},"loc":{"start":{"line":474,"column":32},"end":{"line":534,"column":5}},"line":474},"17":{"name":"generateReportSQLQuery","decl":{"start":{"line":539,"column":15},"end":{"line":539,"column":37}},"loc":{"start":{"line":539,"column":76},"end":{"line":645,"column":1}},"line":539},"18":{"name":"(anonymous_18)","decl":{"start":{"line":549,"column":33},"end":{"line":549,"column":34}},"loc":{"start":{"line":549,"column":51},"end":{"line":553,"column":5}},"line":549},"19":{"name":"(anonymous_19)","decl":{"start":{"line":555,"column":33},"end":{"line":555,"column":34}},"loc":{"start":{"line":555,"column":51},"end":{"line":629,"column":5}},"line":555},"20":{"name":"buildInsertQueries","decl":{"start":{"line":647,"column":9},"end":{"line":647,"column":27}},"loc":{"start":{"line":647,"column":68},"end":{"line":665,"column":1}},"line":647},"21":{"name":"(anonymous_21)","decl":{"start":{"line":648,"column":26},"end":{"line":648,"column":27}},"loc":{"start":{"line":648,"column":34},"end":{"line":664,"column":5}},"line":648},"22":{"name":"(anonymous_22)","decl":{"start":{"line":650,"column":40},"end":{"line":650,"column":41}},"loc":{"start":{"line":650,"column":54},"end":{"line":650,"column":69}},"line":650},"23":{"name":"getSQLTemplateFromInterfaceName","decl":{"start":{"line":667,"column":9},"end":{"line":667,"column":40}},"loc":{"start":{"line":667,"column":53},"end":{"line":781,"column":1}},"line":667},"24":{"name":"fetchReportData","decl":{"start":{"line":783,"column":16},"end":{"line":783,"column":31}},"loc":{"start":{"line":783,"column":53},"end":{"line":801,"column":1}},"line":783},"25":{"name":"(anonymous_25)","decl":{"start":{"line":788,"column":43},"end":{"line":788,"column":44}},"loc":{"start":{"line":788,"column":64},"end":{"line":793,"column":13}},"line":788},"26":{"name":"(anonymous_26)","decl":{"start":{"line":789,"column":33},"end":{"line":789,"column":34}},"loc":{"start":{"line":789,"column":48},"end":{"line":792,"column":17}},"line":789},"27":{"name":"getStaffPermissions","decl":{"start":{"line":803,"column":15},"end":{"line":803,"column":34}},"loc":{"start":{"line":803,"column":58},"end":{"line":816,"column":1}},"line":803},"28":{"name":"checkStaffPermissions","decl":{"start":{"line":818,"column":15},"end":{"line":818,"column":36}},"loc":{"start":{"line":818,"column":84},"end":{"line":848,"column":1}},"line":818},"29":{"name":"(anonymous_29)","decl":{"start":{"line":840,"column":16},"end":{"line":840,"column":17}},"loc":{"start":{"line":840,"column":21},"end":{"line":840,"column":47}},"line":840},"30":{"name":"(anonymous_30)","decl":{"start":{"line":841,"column":13},"end":{"line":841,"column":14}},"loc":{"start":{"line":841,"column":18},"end":{"line":841,"column":35}},"line":841},"31":{"name":"getTemplatesData","decl":{"start":{"line":850,"column":15},"end":{"line":850,"column":31}},"loc":{"start":{"line":850,"column":40},"end":{"line":864,"column":1}},"line":850},"32":{"name":"getTemplateById","decl":{"start":{"line":866,"column":15},"end":{"line":866,"column":30}},"loc":{"start":{"line":866,"column":43},"end":{"line":877,"column":1}},"line":866},"33":{"name":"mapEmailData","decl":{"start":{"line":879,"column":15},"end":{"line":879,"column":27}},"loc":{"start":{"line":879,"column":90},"end":{"line":1035,"column":1}},"line":879}},"branchMap":{"0":{"loc":{"start":{"line":52,"column":12},"end":{"line":52,"column":79}},"type":"if","locations":[{"start":{"line":52,"column":12},"end":{"line":52,"column":79}},{"start":{},"end":{}}],"line":52},"1":{"loc":{"start":{"line":52,"column":16},"end":{"line":52,"column":68}},"type":"binary-expr","locations":[{"start":{"line":52,"column":16},"end":{"line":52,"column":39}},{"start":{"line":52,"column":43},"end":{"line":52,"column":68}}],"line":52},"2":{"loc":{"start":{"line":57,"column":12},"end":{"line":57,"column":47}},"type":"if","locations":[{"start":{"line":57,"column":12},"end":{"line":57,"column":47}},{"start":{},"end":{}}],"line":57},"3":{"loc":{"start":{"line":57,"column":16},"end":{"line":57,"column":36}},"type":"binary-expr","locations":[{"start":{"line":57,"column":16},"end":{"line":57,"column":24}},{"start":{"line":57,"column":28},"end":{"line":57,"column":36}}],"line":57},"4":{"loc":{"start":{"line":68,"column":12},"end":{"line":110,"column":13}},"type":"if","locations":[{"start":{"line":68,"column":12},"end":{"line":110,"column":13}},{"start":{"line":91,"column":19},"end":{"line":110,"column":13}}],"line":68},"5":{"loc":{"start":{"line":69,"column":26},"end":{"line":69,"column":75}},"type":"binary-expr","locations":[{"start":{"line":69,"column":26},"end":{"line":69,"column":37}},{"start":{"line":69,"column":41},"end":{"line":69,"column":75}}],"line":69},"6":{"loc":{"start":{"line":97,"column":16},"end":{"line":109,"column":17}},"type":"if","locations":[{"start":{"line":97,"column":16},"end":{"line":109,"column":17}},{"start":{"line":104,"column":23},"end":{"line":109,"column":17}}],"line":97},"7":{"loc":{"start":{"line":98,"column":20},"end":{"line":100,"column":21}},"type":"if","locations":[{"start":{"line":98,"column":20},"end":{"line":100,"column":21}},{"start":{},"end":{}}],"line":98},"8":{"loc":{"start":{"line":99,"column":46},"end":{"line":99,"column":94}},"type":"cond-expr","locations":[{"start":{"line":99,"column":68},"end":{"line":99,"column":89}},{"start":{"line":99,"column":92},"end":{"line":99,"column":94}}],"line":99},"9":{"loc":{"start":{"line":104,"column":23},"end":{"line":109,"column":17}},"type":"if","locations":[{"start":{"line":104,"column":23},"end":{"line":109,"column":17}},{"start":{"line":107,"column":23},"end":{"line":109,"column":17}}],"line":104},"10":{"loc":{"start":{"line":105,"column":37},"end":{"line":105,"column":57}},"type":"binary-expr","locations":[{"start":{"line":105,"column":37},"end":{"line":105,"column":51}},{"start":{"line":105,"column":55},"end":{"line":105,"column":57}}],"line":105},"11":{"loc":{"start":{"line":136,"column":8},"end":{"line":136,"column":117}},"type":"if","locations":[{"start":{"line":136,"column":8},"end":{"line":136,"column":117}},{"start":{},"end":{}}],"line":136},"12":{"loc":{"start":{"line":136,"column":12},"end":{"line":136,"column":106}},"type":"binary-expr","locations":[{"start":{"line":136,"column":12},"end":{"line":136,"column":43}},{"start":{"line":136,"column":47},"end":{"line":136,"column":80}},{"start":{"line":136,"column":84},"end":{"line":136,"column":106}}],"line":136},"13":{"loc":{"start":{"line":140,"column":8},"end":{"line":140,"column":43}},"type":"if","locations":[{"start":{"line":140,"column":8},"end":{"line":140,"column":43}},{"start":{},"end":{}}],"line":140},"14":{"loc":{"start":{"line":140,"column":12},"end":{"line":140,"column":32}},"type":"binary-expr","locations":[{"start":{"line":140,"column":12},"end":{"line":140,"column":20}},{"start":{"line":140,"column":24},"end":{"line":140,"column":32}}],"line":140},"15":{"loc":{"start":{"line":223,"column":8},"end":{"line":237,"column":9}},"type":"if","locations":[{"start":{"line":223,"column":8},"end":{"line":237,"column":9}},{"start":{"line":227,"column":15},"end":{"line":237,"column":9}}],"line":223},"16":{"loc":{"start":{"line":223,"column":12},"end":{"line":223,"column":47}},"type":"binary-expr","locations":[{"start":{"line":223,"column":12},"end":{"line":223,"column":24}},{"start":{"line":223,"column":28},"end":{"line":223,"column":47}}],"line":223},"17":{"loc":{"start":{"line":227,"column":15},"end":{"line":237,"column":9}},"type":"if","locations":[{"start":{"line":227,"column":15},"end":{"line":237,"column":9}},{"start":{"line":230,"column":15},"end":{"line":237,"column":9}}],"line":227},"18":{"loc":{"start":{"line":230,"column":15},"end":{"line":237,"column":9}},"type":"if","locations":[{"start":{"line":230,"column":15},"end":{"line":237,"column":9}},{"start":{"line":234,"column":15},"end":{"line":237,"column":9}}],"line":230},"19":{"loc":{"start":{"line":230,"column":19},"end":{"line":230,"column":48}},"type":"binary-expr","locations":[{"start":{"line":230,"column":19},"end":{"line":230,"column":31}},{"start":{"line":230,"column":35},"end":{"line":230,"column":48}}],"line":230},"20":{"loc":{"start":{"line":272,"column":8},"end":{"line":272,"column":63}},"type":"if","locations":[{"start":{"line":272,"column":8},"end":{"line":272,"column":63}},{"start":{},"end":{}}],"line":272},"21":{"loc":{"start":{"line":272,"column":12},"end":{"line":272,"column":52}},"type":"binary-expr","locations":[{"start":{"line":272,"column":12},"end":{"line":272,"column":31}},{"start":{"line":272,"column":35},"end":{"line":272,"column":52}}],"line":272},"22":{"loc":{"start":{"line":275,"column":8},"end":{"line":318,"column":9}},"type":"if","locations":[{"start":{"line":275,"column":8},"end":{"line":318,"column":9}},{"start":{"line":304,"column":15},"end":{"line":318,"column":9}}],"line":275},"23":{"loc":{"start":{"line":276,"column":12},"end":{"line":301,"column":13}},"type":"if","locations":[{"start":{"line":276,"column":12},"end":{"line":301,"column":13}},{"start":{"line":298,"column":19},"end":{"line":301,"column":13}}],"line":276},"24":{"loc":{"start":{"line":277,"column":16},"end":{"line":277,"column":50}},"type":"if","locations":[{"start":{"line":277,"column":16},"end":{"line":277,"column":50}},{"start":{},"end":{}}],"line":277},"25":{"loc":{"start":{"line":304,"column":15},"end":{"line":318,"column":9}},"type":"if","locations":[{"start":{"line":304,"column":15},"end":{"line":318,"column":9}},{"start":{"line":307,"column":15},"end":{"line":318,"column":9}}],"line":304},"26":{"loc":{"start":{"line":333,"column":8},"end":{"line":335,"column":9}},"type":"if","locations":[{"start":{"line":333,"column":8},"end":{"line":335,"column":9}},{"start":{},"end":{}}],"line":333},"27":{"loc":{"start":{"line":356,"column":8},"end":{"line":358,"column":9}},"type":"if","locations":[{"start":{"line":356,"column":8},"end":{"line":358,"column":9}},{"start":{},"end":{}}],"line":356},"28":{"loc":{"start":{"line":360,"column":8},"end":{"line":372,"column":9}},"type":"if","locations":[{"start":{"line":360,"column":8},"end":{"line":372,"column":9}},{"start":{},"end":{}}],"line":360},"29":{"loc":{"start":{"line":361,"column":12},"end":{"line":370,"column":13}},"type":"if","locations":[{"start":{"line":361,"column":12},"end":{"line":370,"column":13}},{"start":{"line":363,"column":19},"end":{"line":370,"column":13}}],"line":361},"30":{"loc":{"start":{"line":363,"column":19},"end":{"line":370,"column":13}},"type":"if","locations":[{"start":{"line":363,"column":19},"end":{"line":370,"column":13}},{"start":{"line":365,"column":19},"end":{"line":370,"column":13}}],"line":363},"31":{"loc":{"start":{"line":365,"column":19},"end":{"line":370,"column":13}},"type":"if","locations":[{"start":{"line":365,"column":19},"end":{"line":370,"column":13}},{"start":{},"end":{}}],"line":365},"32":{"loc":{"start":{"line":374,"column":5},"end":{"line":449,"column":9}},"type":"if","locations":[{"start":{"line":374,"column":5},"end":{"line":449,"column":9}},{"start":{"line":396,"column":12},"end":{"line":449,"column":9}}],"line":374},"33":{"loc":{"start":{"line":396,"column":12},"end":{"line":449,"column":9}},"type":"if","locations":[{"start":{"line":396,"column":12},"end":{"line":449,"column":9}},{"start":{"line":440,"column":15},"end":{"line":449,"column":9}}],"line":396},"34":{"loc":{"start":{"line":416,"column":9},"end":{"line":433,"column":10}},"type":"if","locations":[{"start":{"line":416,"column":9},"end":{"line":433,"column":10}},{"start":{"line":425,"column":16},"end":{"line":433,"column":10}}],"line":416},"35":{"loc":{"start":{"line":418,"column":16},"end":{"line":424,"column":17}},"type":"if","locations":[{"start":{"line":418,"column":16},"end":{"line":424,"column":17}},{"start":{"line":421,"column":23},"end":{"line":424,"column":17}}],"line":418},"36":{"loc":{"start":{"line":442,"column":12},"end":{"line":448,"column":13}},"type":"if","locations":[{"start":{"line":442,"column":12},"end":{"line":448,"column":13}},{"start":{"line":445,"column":19},"end":{"line":448,"column":13}}],"line":442},"37":{"loc":{"start":{"line":485,"column":8},"end":{"line":533,"column":9}},"type":"if","locations":[{"start":{"line":485,"column":8},"end":{"line":533,"column":9}},{"start":{"line":497,"column":15},"end":{"line":533,"column":9}}],"line":485},"38":{"loc":{"start":{"line":489,"column":12},"end":{"line":492,"column":13}},"type":"if","locations":[{"start":{"line":489,"column":12},"end":{"line":492,"column":13}},{"start":{},"end":{}}],"line":489},"39":{"loc":{"start":{"line":493,"column":12},"end":{"line":496,"column":13}},"type":"if","locations":[{"start":{"line":493,"column":12},"end":{"line":496,"column":13}},{"start":{},"end":{}}],"line":493},"40":{"loc":{"start":{"line":497,"column":15},"end":{"line":533,"column":9}},"type":"if","locations":[{"start":{"line":497,"column":15},"end":{"line":533,"column":9}},{"start":{"line":501,"column":15},"end":{"line":533,"column":9}}],"line":497},"41":{"loc":{"start":{"line":497,"column":19},"end":{"line":497,"column":95}},"type":"binary-expr","locations":[{"start":{"line":497,"column":19},"end":{"line":497,"column":62}},{"start":{"line":497,"column":66},"end":{"line":497,"column":95}}],"line":497},"42":{"loc":{"start":{"line":501,"column":15},"end":{"line":533,"column":9}},"type":"if","locations":[{"start":{"line":501,"column":15},"end":{"line":533,"column":9}},{"start":{"line":507,"column":15},"end":{"line":533,"column":9}}],"line":501},"43":{"loc":{"start":{"line":501,"column":19},"end":{"line":501,"column":134}},"type":"binary-expr","locations":[{"start":{"line":501,"column":19},"end":{"line":501,"column":61}},{"start":{"line":501,"column":65},"end":{"line":501,"column":101}},{"start":{"line":501,"column":105},"end":{"line":501,"column":134}}],"line":501},"44":{"loc":{"start":{"line":507,"column":15},"end":{"line":533,"column":9}},"type":"if","locations":[{"start":{"line":507,"column":15},"end":{"line":533,"column":9}},{"start":{"line":525,"column":15},"end":{"line":533,"column":9}}],"line":507},"45":{"loc":{"start":{"line":507,"column":19},"end":{"line":507,"column":112}},"type":"binary-expr","locations":[{"start":{"line":507,"column":19},"end":{"line":507,"column":62}},{"start":{"line":507,"column":66},"end":{"line":507,"column":112}}],"line":507},"46":{"loc":{"start":{"line":515,"column":12},"end":{"line":519,"column":13}},"type":"if","locations":[{"start":{"line":515,"column":12},"end":{"line":519,"column":13}},{"start":{},"end":{}}],"line":515},"47":{"loc":{"start":{"line":520,"column":12},"end":{"line":524,"column":13}},"type":"if","locations":[{"start":{"line":520,"column":12},"end":{"line":524,"column":13}},{"start":{},"end":{}}],"line":520},"48":{"loc":{"start":{"line":525,"column":15},"end":{"line":533,"column":9}},"type":"if","locations":[{"start":{"line":525,"column":15},"end":{"line":533,"column":9}},{"start":{"line":530,"column":15},"end":{"line":533,"column":9}}],"line":525},"49":{"loc":{"start":{"line":525,"column":19},"end":{"line":525,"column":96}},"type":"binary-expr","locations":[{"start":{"line":525,"column":19},"end":{"line":525,"column":63}},{"start":{"line":525,"column":67},"end":{"line":525,"column":96}}],"line":525},"50":{"loc":{"start":{"line":530,"column":15},"end":{"line":533,"column":9}},"type":"if","locations":[{"start":{"line":530,"column":15},"end":{"line":533,"column":9}},{"start":{},"end":{}}],"line":530},"51":{"loc":{"start":{"line":530,"column":19},"end":{"line":530,"column":57}},"type":"binary-expr","locations":[{"start":{"line":530,"column":19},"end":{"line":530,"column":39}},{"start":{"line":530,"column":43},"end":{"line":530,"column":57}}],"line":530},"52":{"loc":{"start":{"line":550,"column":5},"end":{"line":552,"column":9}},"type":"if","locations":[{"start":{"line":550,"column":5},"end":{"line":552,"column":9}},{"start":{},"end":{}}],"line":550},"53":{"loc":{"start":{"line":550,"column":9},"end":{"line":550,"column":144}},"type":"binary-expr","locations":[{"start":{"line":550,"column":9},"end":{"line":550,"column":77}},{"start":{"line":550,"column":81},"end":{"line":550,"column":144}}],"line":550},"54":{"loc":{"start":{"line":557,"column":8},"end":{"line":569,"column":9}},"type":"if","locations":[{"start":{"line":557,"column":8},"end":{"line":569,"column":9}},{"start":{"line":559,"column":15},"end":{"line":569,"column":9}}],"line":557},"55":{"loc":{"start":{"line":557,"column":12},"end":{"line":557,"column":108}},"type":"binary-expr","locations":[{"start":{"line":557,"column":12},"end":{"line":557,"column":79}},{"start":{"line":557,"column":83},"end":{"line":557,"column":108}}],"line":557},"56":{"loc":{"start":{"line":559,"column":15},"end":{"line":569,"column":9}},"type":"if","locations":[{"start":{"line":559,"column":15},"end":{"line":569,"column":9}},{"start":{"line":561,"column":15},"end":{"line":569,"column":9}}],"line":559},"57":{"loc":{"start":{"line":559,"column":19},"end":{"line":559,"column":114}},"type":"binary-expr","locations":[{"start":{"line":559,"column":19},"end":{"line":559,"column":86}},{"start":{"line":559,"column":90},"end":{"line":559,"column":114}}],"line":559},"58":{"loc":{"start":{"line":563,"column":12},"end":{"line":568,"column":13}},"type":"if","locations":[{"start":{"line":563,"column":12},"end":{"line":568,"column":13}},{"start":{"line":566,"column":19},"end":{"line":568,"column":13}}],"line":563},"59":{"loc":{"start":{"line":563,"column":16},"end":{"line":563,"column":63}},"type":"binary-expr","locations":[{"start":{"line":563,"column":16},"end":{"line":563,"column":33}},{"start":{"line":563,"column":37},"end":{"line":563,"column":63}}],"line":563},"60":{"loc":{"start":{"line":573,"column":8},"end":{"line":619,"column":9}},"type":"if","locations":[{"start":{"line":573,"column":8},"end":{"line":619,"column":9}},{"start":{"line":587,"column":15},"end":{"line":619,"column":9}}],"line":573},"61":{"loc":{"start":{"line":577,"column":12},"end":{"line":586,"column":13}},"type":"if","locations":[{"start":{"line":577,"column":12},"end":{"line":586,"column":13}},{"start":{"line":584,"column":19},"end":{"line":586,"column":13}}],"line":577},"62":{"loc":{"start":{"line":577,"column":16},"end":{"line":577,"column":46}},"type":"binary-expr","locations":[{"start":{"line":577,"column":16},"end":{"line":577,"column":30}},{"start":{"line":577,"column":34},"end":{"line":577,"column":46}}],"line":577},"63":{"loc":{"start":{"line":587,"column":15},"end":{"line":619,"column":9}},"type":"if","locations":[{"start":{"line":587,"column":15},"end":{"line":619,"column":9}},{"start":{"line":609,"column":15},"end":{"line":619,"column":9}}],"line":587},"64":{"loc":{"start":{"line":593,"column":12},"end":{"line":595,"column":13}},"type":"if","locations":[{"start":{"line":593,"column":12},"end":{"line":595,"column":13}},{"start":{},"end":{}}],"line":593},"65":{"loc":{"start":{"line":593,"column":16},"end":{"line":593,"column":57}},"type":"binary-expr","locations":[{"start":{"line":593,"column":16},"end":{"line":593,"column":38}},{"start":{"line":593,"column":42},"end":{"line":593,"column":57}}],"line":593},"66":{"loc":{"start":{"line":596,"column":12},"end":{"line":598,"column":13}},"type":"if","locations":[{"start":{"line":596,"column":12},"end":{"line":598,"column":13}},{"start":{},"end":{}}],"line":596},"67":{"loc":{"start":{"line":596,"column":16},"end":{"line":596,"column":57}},"type":"binary-expr","locations":[{"start":{"line":596,"column":16},"end":{"line":596,"column":38}},{"start":{"line":596,"column":42},"end":{"line":596,"column":57}}],"line":596},"68":{"loc":{"start":{"line":611,"column":12},"end":{"line":618,"column":13}},"type":"if","locations":[{"start":{"line":611,"column":12},"end":{"line":618,"column":13}},{"start":{"line":616,"column":19},"end":{"line":618,"column":13}}],"line":611},"69":{"loc":{"start":{"line":625,"column":8},"end":{"line":628,"column":9}},"type":"if","locations":[{"start":{"line":625,"column":8},"end":{"line":628,"column":9}},{"start":{},"end":{}}],"line":625},"70":{"loc":{"start":{"line":632,"column":38},"end":{"line":632,"column":101}},"type":"cond-expr","locations":[{"start":{"line":632,"column":66},"end":{"line":632,"column":91}},{"start":{"line":632,"column":94},"end":{"line":632,"column":101}}],"line":632},"71":{"loc":{"start":{"line":669,"column":4},"end":{"line":778,"column":5}},"type":"if","locations":[{"start":{"line":669,"column":4},"end":{"line":778,"column":5}},{"start":{"line":694,"column":11},"end":{"line":778,"column":5}}],"line":669},"72":{"loc":{"start":{"line":694,"column":11},"end":{"line":778,"column":5}},"type":"if","locations":[{"start":{"line":694,"column":11},"end":{"line":778,"column":5}},{"start":{"line":738,"column":11},"end":{"line":778,"column":5}}],"line":694},"73":{"loc":{"start":{"line":738,"column":11},"end":{"line":778,"column":5}},"type":"if","locations":[{"start":{"line":738,"column":11},"end":{"line":778,"column":5}},{"start":{},"end":{}}],"line":738},"74":{"loc":{"start":{"line":790,"column":20},"end":{"line":790,"column":48}},"type":"if","locations":[{"start":{"line":790,"column":20},"end":{"line":790,"column":48}},{"start":{},"end":{}}],"line":790},"75":{"loc":{"start":{"line":795,"column":12},"end":{"line":795,"column":41}},"type":"if","locations":[{"start":{"line":795,"column":12},"end":{"line":795,"column":41}},{"start":{},"end":{}}],"line":795},"76":{"loc":{"start":{"line":820,"column":4},"end":{"line":836,"column":5}},"type":"if","locations":[{"start":{"line":820,"column":4},"end":{"line":836,"column":5}},{"start":{"line":822,"column":11},"end":{"line":836,"column":5}}],"line":820},"77":{"loc":{"start":{"line":822,"column":11},"end":{"line":836,"column":5}},"type":"if","locations":[{"start":{"line":822,"column":11},"end":{"line":836,"column":5}},{"start":{"line":824,"column":11},"end":{"line":836,"column":5}}],"line":822},"78":{"loc":{"start":{"line":824,"column":11},"end":{"line":836,"column":5}},"type":"if","locations":[{"start":{"line":824,"column":11},"end":{"line":836,"column":5}},{"start":{"line":826,"column":11},"end":{"line":836,"column":5}}],"line":824},"79":{"loc":{"start":{"line":826,"column":11},"end":{"line":836,"column":5}},"type":"if","locations":[{"start":{"line":826,"column":11},"end":{"line":836,"column":5}},{"start":{"line":828,"column":11},"end":{"line":836,"column":5}}],"line":826},"80":{"loc":{"start":{"line":828,"column":11},"end":{"line":836,"column":5}},"type":"if","locations":[{"start":{"line":828,"column":11},"end":{"line":836,"column":5}},{"start":{"line":830,"column":11},"end":{"line":836,"column":5}}],"line":828},"81":{"loc":{"start":{"line":830,"column":11},"end":{"line":836,"column":5}},"type":"if","locations":[{"start":{"line":830,"column":11},"end":{"line":836,"column":5}},{"start":{"line":832,"column":11},"end":{"line":836,"column":5}}],"line":830},"82":{"loc":{"start":{"line":832,"column":11},"end":{"line":836,"column":5}},"type":"if","locations":[{"start":{"line":832,"column":11},"end":{"line":836,"column":5}},{"start":{"line":834,"column":11},"end":{"line":836,"column":5}}],"line":832},"83":{"loc":{"start":{"line":834,"column":11},"end":{"line":836,"column":5}},"type":"if","locations":[{"start":{"line":834,"column":11},"end":{"line":836,"column":5}},{"start":{},"end":{}}],"line":834},"84":{"loc":{"start":{"line":890,"column":4},"end":{"line":1027,"column":5}},"type":"if","locations":[{"start":{"line":890,"column":4},"end":{"line":1027,"column":5}},{"start":{"line":898,"column":11},"end":{"line":1027,"column":5}}],"line":890},"85":{"loc":{"start":{"line":898,"column":11},"end":{"line":1027,"column":5}},"type":"if","locations":[{"start":{"line":898,"column":11},"end":{"line":1027,"column":5}},{"start":{"line":1025,"column":11},"end":{"line":1027,"column":5}}],"line":898},"86":{"loc":{"start":{"line":898,"column":15},"end":{"line":898,"column":72}},"type":"binary-expr","locations":[{"start":{"line":898,"column":15},"end":{"line":898,"column":42}},{"start":{"line":898,"column":46},"end":{"line":898,"column":72}}],"line":898},"87":{"loc":{"start":{"line":976,"column":8},"end":{"line":994,"column":9}},"type":"if","locations":[{"start":{"line":976,"column":8},"end":{"line":994,"column":9}},{"start":{"line":992,"column":15},"end":{"line":994,"column":9}}],"line":976},"88":{"loc":{"start":{"line":1017,"column":8},"end":{"line":1023,"column":9}},"type":"if","locations":[{"start":{"line":1017,"column":8},"end":{"line":1023,"column":9}},{"start":{"line":1020,"column":15},"end":{"line":1023,"column":9}}],"line":1017}},"s":{"0":2,"1":2,"2":2,"3":2,"4":2,"5":2,"6":2,"7":2,"8":2,"9":2,"10":2,"11":2,"12":0,"13":0,"14":0,"15":0,"16":0,"17":0,"18":0,"19":0,"20":0,"21":0,"22":0,"23":0,"24":0,"25":0,"26":0,"27":0,"28":0,"29":0,"30":0,"31":0,"32":0,"33":0,"34":0,"35":0,"36":0,"37":0,"38":0,"39":0,"40":0,"41":0,"42":0,"43":0,"44":0,"45":0,"46":0,"47":0,"48":0,"49":0,"50":0,"51":0,"52":0,"53":0,"54":0,"55":0,"56":0,"57":0,"58":0,"59":0,"60":0,"61":0,"62":0,"63":0,"64":0,"65":0,"66":0,"67":0,"68":0,"69":0,"70":0,"71":0,"72":0,"73":0,"74":0,"75":0,"76":0,"77":0,"78":0,"79":0,"80":0,"81":0,"82":0,"83":0,"84":0,"85":0,"86":0,"87":0,"88":0,"89":0,"90":0,"91":0,"92":0,"93":0,"94":0,"95":0,"96":0,"97":0,"98":0,"99":0,"100":0,"101":0,"102":0,"103":0,"104":0,"105":0,"106":0,"107":0,"108":0,"109":0,"110":0,"111":0,"112":0,"113":0,"114":0,"115":0,"116":0,"117":0,"118":0,"119":0,"120":0,"121":0,"122":0,"123":0,"124":0,"125":0,"126":0,"127":0,"128":0,"129":0,"130":0,"131":0,"132":0,"133":0,"134":0,"135":0,"136":0,"137":0,"138":0,"139":0,"140":0,"141":0,"142":0,"143":0,"144":0,"145":0,"146":0,"147":0,"148":0,"149":0,"150":0,"151":0,"152":0,"153":0,"154":0,"155":0,"156":0,"157":0,"158":0,"159":0,"160":0,"161":0,"162":0,"163":0,"164":0,"165":0,"166":0,"167":0,"168":0,"169":0,"170":0,"171":0,"172":0,"173":0,"174":0,"175":0,"176":0,"177":0,"178":0,"179":0,"180":0,"181":0,"182":0,"183":0,"184":0,"185":0,"186":0,"187":0,"188":0,"189":0,"190":0,"191":0,"192":0,"193":0,"194":0,"195":0,"196":0,"197":0,"198":0,"199":0,"200":0,"201":0,"202":0,"203":0,"204":0,"205":0,"206":0,"207":0,"208":0,"209":0,"210":0,"211":0,"212":0,"213":0,"214":0,"215":0,"216":0,"217":0,"218":0,"219":0,"220":0,"221":0,"222":0,"223":0,"224":0,"225":0,"226":0,"227":0,"228":0,"229":0,"230":0,"231":0,"232":0,"233":0,"234":0,"235":0,"236":0,"237":0,"238":0,"239":0,"240":0,"241":0,"242":0,"243":0,"244":0,"245":0,"246":0,"247":0,"248":0,"249":0,"250":0,"251":0,"252":0,"253":0,"254":0,"255":0,"256":0,"257":0,"258":0,"259":0,"260":0,"261":0,"262":0,"263":0,"264":0,"265":0,"266":0,"267":0,"268":0,"269":0,"270":0,"271":0,"272":0,"273":0,"274":0,"275":0,"276":0,"277":0,"278":0,"279":0,"280":0,"281":0,"282":0,"283":0,"284":0,"285":0,"286":0,"287":0,"288":0,"289":0,"290":0,"291":0,"292":0,"293":0,"294":0,"295":0,"296":0,"297":0,"298":0,"299":0,"300":0,"301":0,"302":0,"303":0,"304":0,"305":0,"306":0,"307":0,"308":0,"309":0,"310":0,"311":0,"312":0,"313":0,"314":0,"315":0,"316":0,"317":0,"318":0,"319":0,"320":0,"321":0,"322":0,"323":0,"324":0,"325":0,"326":0,"327":0,"328":0,"329":0,"330":0,"331":0,"332":0,"333":0,"334":0,"335":0,"336":0,"337":0,"338":0,"339":0,"340":0,"341":0,"342":0,"343":0,"344":0,"345":0,"346":0,"347":0,"348":0,"349":0,"350":0,"351":0,"352":0,"353":0,"354":0,"355":0,"356":0,"357":0,"358":0,"359":0,"360":0,"361":0,"362":0,"363":0,"364":0,"365":0,"366":0,"367":0,"368":0,"369":0,"370":0,"371":0,"372":0,"373":0,"374":0,"375":0,"376":0,"377":0,"378":0,"379":0,"380":0,"381":0,"382":0,"383":0,"384":0,"385":0,"386":0,"387":0,"388":0,"389":0,"390":0,"391":0,"392":0,"393":0,"394":0,"395":0,"396":0,"397":0,"398":0,"399":0,"400":0,"401":0,"402":0,"403":0,"404":0,"405":0,"406":0,"407":0,"408":0,"409":0,"410":0,"411":0,"412":0,"413":0,"414":0,"415":0,"416":0,"417":0,"418":0,"419":0,"420":0,"421":0,"422":0,"423":0,"424":0,"425":0,"426":0,"427":0,"428":0,"429":0,"430":0,"431":0,"432":0,"433":0,"434":0,"435":0,"436":0,"437":0,"438":0,"439":0,"440":0,"441":0,"442":0,"443":0,"444":0,"445":0,"446":0,"447":0,"448":0,"449":0,"450":0,"451":0,"452":0,"453":0,"454":0,"455":0,"456":0,"457":1,"458":1,"459":1,"460":2,"461":2,"462":1,"463":3,"464":3,"465":3,"466":3,"467":3,"468":3,"469":3,"470":3,"471":1,"472":1,"473":1,"474":1,"475":1,"476":2,"477":1,"478":1,"479":1,"480":1,"481":1,"482":1,"483":1,"484":1,"485":1,"486":1,"487":1,"488":1,"489":1,"490":1,"491":1,"492":1,"493":1,"494":1,"495":1,"496":1,"497":1,"498":1,"499":1,"500":1,"501":1,"502":1,"503":0,"504":1,"505":1,"506":1,"507":1,"508":1,"509":1,"510":0,"511":0,"512":1,"513":2,"514":2},"f":{"0":0,"1":0,"2":0,"3":0,"4":0,"5":0,"6":0,"7":0,"8":0,"9":0,"10":0,"11":0,"12":0,"13":0,"14":0,"15":0,"16":0,"17":0,"18":0,"19":0,"20":0,"21":0,"22":0,"23":0,"24":0,"25":0,"26":0,"27":0,"28":0,"29":0,"30":0,"31":1,"32":2,"33":3},"b":{"0":[0,0],"1":[0,0],"2":[0,0],"3":[0,0],"4":[0,0],"5":[0,0],"6":[0,0],"7":[0,0],"8":[0,0],"9":[0,0],"10":[0,0],"11":[0,0],"12":[0,0,0],"13":[0,0],"14":[0,0],"15":[0,0],"16":[0,0],"17":[0,0],"18":[0,0],"19":[0,0],"20":[0,0],"21":[0,0],"22":[0,0],"23":[0,0],"24":[0,0],"25":[0,0],"26":[0,0],"27":[0,0],"28":[0,0],"29":[0,0],"30":[0,0],"31":[0,0],"32":[0,0],"33":[0,0],"34":[0,0],"35":[0,0],"36":[0,0],"37":[0,0],"38":[0,0],"39":[0,0],"40":[0,0],"41":[0,0],"42":[0,0],"43":[0,0,0],"44":[0,0],"45":[0,0],"46":[0,0],"47":[0,0],"48":[0,0],"49":[0,0],"50":[0,0],"51":[0,0],"52":[0,0],"53":[0,0],"54":[0,0],"55":[0,0],"56":[0,0],"57":[0,0],"58":[0,0],"59":[0,0],"60":[0,0],"61":[0,0],"62":[0,0],"63":[0,0],"64":[0,0],"65":[0,0],"66":[0,0],"67":[0,0],"68":[0,0],"69":[0,0],"70":[0,0],"71":[0,0],"72":[0,0],"73":[0,0],"74":[0,0],"75":[0,0],"76":[0,0],"77":[0,0],"78":[0,0],"79":[0,0],"80":[0,0],"81":[0,0],"82":[0,0],"83":[0,0],"84":[1,2],"85":[1,1],"86":[2,1],"87":[0,1],"88":[1,0]},"_coverageSchema":"1a1c01bbd47fc00a2c39e90264f33305004495a9","hash":"4a8f7f60f69d251d5c68d8229262bcc3e83698d6"}
,"/home/galin/Desktop/projects/GitHub/Forum-Project-node/project/config.js": {"path":"/home/galin/Desktop/projects/GitHub/Forum-Project-node/project/config.js","statementMap":{"0":{"start":{"line":1,"column":0},"end":{"line":1,"column":31}},"1":{"start":{"line":2,"column":0},"end":{"line":2,"column":16}},"2":{"start":{"line":3,"column":0},"end":{"line":3,"column":40}},"3":{"start":{"line":4,"column":0},"end":{"line":4,"column":38}},"4":{"start":{"line":5,"column":0},"end":{"line":5,"column":21}},"5":{"start":{"line":6,"column":0},"end":{"line":6,"column":20}},"6":{"start":{"line":9,"column":0},"end":{"line":9,"column":22}},"7":{"start":{"line":12,"column":0},"end":{"line":12,"column":53}},"8":{"start":{"line":13,"column":0},"end":{"line":13,"column":95}},"9":{"start":{"line":14,"column":0},"end":{"line":14,"column":96}},"10":{"start":{"line":15,"column":0},"end":{"line":15,"column":37}},"11":{"start":{"line":16,"column":0},"end":{"line":16,"column":47}},"12":{"start":{"line":17,"column":0},"end":{"line":17,"column":40}},"13":{"start":{"line":20,"column":0},"end":{"line":20,"column":62}},"14":{"start":{"line":23,"column":0},"end":{"line":23,"column":46}},"15":{"start":{"line":26,"column":0},"end":{"line":26,"column":32}},"16":{"start":{"line":27,"column":0},"end":{"line":27,"column":16}},"17":{"start":{"line":28,"column":0},"end":{"line":28,"column":18}},"18":{"start":{"line":29,"column":0},"end":{"line":29,"column":19}},"19":{"start":{"line":32,"column":0},"end":{"line":32,"column":49}},"20":{"start":{"line":35,"column":0},"end":{"line":35,"column":57}},"21":{"start":{"line":38,"column":0},"end":{"line":38,"column":50}},"22":{"start":{"line":41,"column":0},"end":{"line":41,"column":70}},"23":{"start":{"line":43,"column":0},"end":{"line":67,"column":2}}},"fnMap":{},"branchMap":{},"s":{"0":2,"1":2,"2":2,"3":2,"4":2,"5":2,"6":2,"7":2,"8":2,"9":2,"10":2,"11":2,"12":2,"13":2,"14":2,"15":2,"16":2,"17":2,"18":2,"19":2,"20":2,"21":2,"22":2,"23":2},"f":{},"b":{},"_coverageSchema":"1a1c01bbd47fc00a2c39e90264f33305004495a9","hash":"f8f3b7aeb33ef1fbf0a58a1e1581db710dbac115"}
,"/home/galin/Desktop/projects/GitHub/Forum-Project-node/project/db.js": {"path":"/home/galin/Desktop/projects/GitHub/Forum-Project-node/project/db.js","statementMap":{"0":{"start":{"line":1,"column":17},"end":{"line":1,"column":30}},"1":{"start":{"line":2,"column":15},"end":{"line":2,"column":34}},"2":{"start":{"line":4,"column":13},"end":{"line":10,"column":2}},"3":{"start":{"line":12,"column":0},"end":{"line":12,"column":42}},"4":{"start":{"line":14,"column":0},"end":{"line":14,"column":22}}},"fnMap":{},"branchMap":{},"s":{"0":2,"1":2,"2":2,"3":2,"4":2},"f":{},"b":{},"_coverageSchema":"1a1c01bbd47fc00a2c39e90264f33305004495a9","hash":"c52ee7fe7bb08f4633e066e399b2e6ab9e1c4c4c"}
,"/home/galin/Desktop/projects/GitHub/Forum-Project-node/project/error_codes.js": {"path":"/home/galin/Desktop/projects/GitHub/Forum-Project-node/project/error_codes.js","statementMap":{"0":{"start":{"line":1,"column":36},"end":{"line":1,"column":44}},"1":{"start":{"line":2,"column":35},"end":{"line":2,"column":43}},"2":{"start":{"line":3,"column":34},"end":{"line":3,"column":42}},"3":{"start":{"line":4,"column":32},"end":{"line":4,"column":40}},"4":{"start":{"line":5,"column":26},"end":{"line":5,"column":34}},"5":{"start":{"line":6,"column":31},"end":{"line":6,"column":39}},"6":{"start":{"line":7,"column":27},"end":{"line":7,"column":35}},"7":{"start":{"line":8,"column":35},"end":{"line":8,"column":43}},"8":{"start":{"line":9,"column":33},"end":{"line":9,"column":41}},"9":{"start":{"line":10,"column":20},"end":{"line":10,"column":28}},"10":{"start":{"line":11,"column":33},"end":{"line":11,"column":41}},"11":{"start":{"line":12,"column":24},"end":{"line":12,"column":32}},"12":{"start":{"line":13,"column":33},"end":{"line":13,"column":41}},"13":{"start":{"line":14,"column":36},"end":{"line":14,"column":44}},"14":{"start":{"line":15,"column":29},"end":{"line":15,"column":37}},"15":{"start":{"line":16,"column":36},"end":{"line":16,"column":44}},"16":{"start":{"line":17,"column":33},"end":{"line":17,"column":41}},"17":{"start":{"line":18,"column":29},"end":{"line":18,"column":37}},"18":{"start":{"line":19,"column":42},"end":{"line":19,"column":50}},"19":{"start":{"line":20,"column":45},"end":{"line":20,"column":53}},"20":{"start":{"line":21,"column":44},"end":{"line":21,"column":52}},"21":{"start":{"line":22,"column":52},"end":{"line":22,"column":60}},"22":{"start":{"line":23,"column":42},"end":{"line":23,"column":50}},"23":{"start":{"line":24,"column":49},"end":{"line":24,"column":57}},"24":{"start":{"line":25,"column":27},"end":{"line":25,"column":35}},"25":{"start":{"line":26,"column":38},"end":{"line":26,"column":46}},"26":{"start":{"line":27,"column":30},"end":{"line":27,"column":38}},"27":{"start":{"line":28,"column":43},"end":{"line":28,"column":51}},"28":{"start":{"line":29,"column":27},"end":{"line":29,"column":35}},"29":{"start":{"line":30,"column":33},"end":{"line":30,"column":41}},"30":{"start":{"line":31,"column":33},"end":{"line":31,"column":41}},"31":{"start":{"line":34,"column":38},"end":{"line":34,"column":45}},"32":{"start":{"line":35,"column":31},"end":{"line":35,"column":38}},"33":{"start":{"line":36,"column":28},"end":{"line":36,"column":35}},"34":{"start":{"line":37,"column":31},"end":{"line":37,"column":38}},"35":{"start":{"line":39,"column":0},"end":{"line":73,"column":1}}},"fnMap":{},"branchMap":{},"s":{"0":2,"1":2,"2":2,"3":2,"4":2,"5":2,"6":2,"7":2,"8":2,"9":2,"10":2,"11":2,"12":2,"13":2,"14":2,"15":2,"16":2,"17":2,"18":2,"19":2,"20":2,"21":2,"22":2,"23":2,"24":2,"25":2,"26":2,"27":2,"28":2,"29":2,"30":2,"31":2,"32":2,"33":2,"34":2,"35":2},"f":{},"b":{},"_coverageSchema":"1a1c01bbd47fc00a2c39e90264f33305004495a9","hash":"8543a0097962cccc5ee643e5676543c54740eb50"}
,"/home/galin/Desktop/projects/GitHub/Forum-Project-node/project/exceptions.js": {"path":"/home/galin/Desktop/projects/GitHub/Forum-Project-node/project/exceptions.js","statementMap":{"0":{"start":{"line":3,"column":2},"end":{"line":3,"column":17}},"1":{"start":{"line":4,"column":2},"end":{"line":4,"column":40}},"2":{"start":{"line":5,"column":2},"end":{"line":5,"column":28}},"3":{"start":{"line":11,"column":2},"end":{"line":11,"column":17}},"4":{"start":{"line":12,"column":2},"end":{"line":12,"column":28}},"5":{"start":{"line":18,"column":2},"end":{"line":18,"column":17}},"6":{"start":{"line":19,"column":2},"end":{"line":19,"column":30}},"7":{"start":{"line":20,"column":2},"end":{"line":20,"column":28}},"8":{"start":{"line":26,"column":2},"end":{"line":26,"column":17}},"9":{"start":{"line":27,"column":2},"end":{"line":27,"column":34}},"10":{"start":{"line":32,"column":4},"end":{"line":34,"column":5}},"11":{"start":{"line":33,"column":8},"end":{"line":33,"column":40}},"12":{"start":{"line":38,"column":4},"end":{"line":40,"column":5}},"13":{"start":{"line":39,"column":8},"end":{"line":39,"column":62}},"14":{"start":{"line":44,"column":4},"end":{"line":46,"column":5}},"15":{"start":{"line":45,"column":8},"end":{"line":45,"column":52}},"16":{"start":{"line":50,"column":4},"end":{"line":52,"column":5}},"17":{"start":{"line":51,"column":8},"end":{"line":51,"column":46}},"18":{"start":{"line":55,"column":0},"end":{"line":64,"column":2}}},"fnMap":{"0":{"name":"(anonymous_0)","decl":{"start":{"line":2,"column":1},"end":{"line":2,"column":2}},"loc":{"start":{"line":2,"column":33},"end":{"line":6,"column":2}},"line":2},"1":{"name":"(anonymous_1)","decl":{"start":{"line":10,"column":1},"end":{"line":10,"column":2}},"loc":{"start":{"line":10,"column":22},"end":{"line":13,"column":2}},"line":10},"2":{"name":"(anonymous_2)","decl":{"start":{"line":17,"column":1},"end":{"line":17,"column":2}},"loc":{"start":{"line":17,"column":33},"end":{"line":21,"column":2}},"line":17},"3":{"name":"(anonymous_3)","decl":{"start":{"line":25,"column":1},"end":{"line":25,"column":2}},"loc":{"start":{"line":25,"column":22},"end":{"line":28,"column":2}},"line":25},"4":{"name":"AssertDev","decl":{"start":{"line":31,"column":9},"end":{"line":31,"column":18}},"loc":{"start":{"line":31,"column":39},"end":{"line":35,"column":1}},"line":31},"5":{"name":"AssertUser","decl":{"start":{"line":37,"column":9},"end":{"line":37,"column":19}},"loc":{"start":{"line":37,"column":51},"end":{"line":41,"column":1}},"line":37},"6":{"name":"AssertPeer","decl":{"start":{"line":43,"column":9},"end":{"line":43,"column":19}},"loc":{"start":{"line":43,"column":51},"end":{"line":47,"column":1}},"line":43},"7":{"name":"TemporaryError","decl":{"start":{"line":49,"column":9},"end":{"line":49,"column":23}},"loc":{"start":{"line":49,"column":44},"end":{"line":53,"column":1}},"line":49}},"branchMap":{"0":{"loc":{"start":{"line":32,"column":4},"end":{"line":34,"column":5}},"type":"if","locations":[{"start":{"line":32,"column":4},"end":{"line":34,"column":5}},{"start":{},"end":{}}],"line":32},"1":{"loc":{"start":{"line":38,"column":4},"end":{"line":40,"column":5}},"type":"if","locations":[{"start":{"line":38,"column":4},"end":{"line":40,"column":5}},{"start":{},"end":{}}],"line":38},"2":{"loc":{"start":{"line":44,"column":4},"end":{"line":46,"column":5}},"type":"if","locations":[{"start":{"line":44,"column":4},"end":{"line":46,"column":5}},{"start":{},"end":{}}],"line":44},"3":{"loc":{"start":{"line":50,"column":4},"end":{"line":52,"column":5}},"type":"if","locations":[{"start":{"line":50,"column":4},"end":{"line":52,"column":5}},{"start":{},"end":{}}],"line":50}},"s":{"0":20,"1":20,"2":20,"3":4,"4":4,"5":1,"6":1,"7":1,"8":0,"9":0,"10":128,"11":2,"12":55,"13":10,"14":2,"15":1,"16":0,"17":0,"18":2},"f":{"0":20,"1":4,"2":1,"3":0,"4":128,"5":55,"6":2,"7":0},"b":{"0":[2,126],"1":[10,45],"2":[1,1],"3":[0,0]},"_coverageSchema":"1a1c01bbd47fc00a2c39e90264f33305004495a9","hash":"37d440f57e9ab83f180e9518da2a01568595d336"}
[...]
":0,"57":0,"58":0,"59":0,"60":0,"61":0,"62":0,"63":0,"64":0,"65":0,"66":0,"67":0,"68":0,"69":0,"70":0,"71":0,"72":0,"73":0,"74":0,"75":0,"76":0,"77":0,"78":0,"79":0,"80":0,"81":0,"82":0,"83":0,"84":0,"85":0,"86":0,"87":0,"88":0,"89":0,"90":0,"91":0,"92":0,"93":0,"94":0,"95":0,"96":0,"97":0,"98":0,"99":0,"100":0,"101":0,"102":0,"103":0,"104":0,"105":0,"106":0,"107":0,"108":0,"109":0,"110":0,"111":0,"112":0,"113":0,"114":0,"115":0,"116":0,"117":0,"118":0,"119":0,"120":0,"121":0,"122":0,"123":0,"124":0,"125":0,"126":0,"127":0,"128":0,"129":0,"130":0,"131":0,"132":0,"133":0,"134":0,"135":0,"136":0,"137":0,"138":0,"139":0,"140":0,"141":0,"142":0,"143":0,"144":0,"145":0,"146":0,"147":0,"148":0,"149":0,"150":0,"151":0,"152":0,"153":0,"154":0,"155":0,"156":0,"157":0,"158":0,"159":0,"160":0,"161":0,"162":0,"163":0,"164":0,"165":0,"166":0,"167":0,"168":0,"169":0,"170":0,"171":0,"172":0,"173":0,"174":0,"175":0,"176":0,"177":0,"178":0,"179":0,"180":0,"181":0,"182":0,"183":0,"184":0,"185":0,"186":0,"187":0,"188":0,"189":0,"190":0,"191":0,"192":0,"193":0,"194":0,"195":0,"196":0,"197":0,"198":0,"199":0,"200":0,"201":0,"202":0,"203":0,"204":0,"205":0,"206":0,"207":0,"208":0,"209":0,"210":0,"211":0,"212":0,"213":0,"214":0,"215":0,"216":0,"217":0,"218":0,"219":0,"220":0,"221":0,"222":0,"223":0,"224":0,"225":0,"226":0,"227":0,"228":0,"229":0,"230":0,"231":0,"232":0,"233":0,"234":0,"235":0,"236":0,"237":0,"238":0,"239":0,"240":0,"241":0,"242":0,"243":0,"244":0,"245":0,"246":0,"247":0,"248":0,"249":0,"250":0,"251":0,"252":0,"253":0,"254":0,"255":0,"256":0,"257":0,"258":0,"259":0,"260":0,"261":0,"262":0,"263":0,"264":0,"265":0,"266":0,"267":0,"268":0,"269":0,"270":0,"271":0,"272":0,"273":0,"274":0,"275":0,"276":0,"277":0,"278":0,"279":0,"280":0,"281":0,"282":0,"283":0,"284":0,"285":0,"286":0,"287":0,"288":0,"289":0,"290":0,"291":0,"292":0,"293":0,"294":0,"295":0,"296":0,"297":0,"298":0,"299":0,"300":0,"301":0,"302":0,"303":0,"304":0,"305":0,"306":0,"307":0,"308":0,"309":0,"310":0,"311":0,"312":0,"313":0,"314":0,"315":0,"316":0,"317":0,"318":0,"319":0,"320":0,"321":0,"322":0,"323":0,"324":0,"325":0,"326":0,"327":0,"328":0,"329":0,"330":1,"331":0,"332":0,"333":0,"334":0,"335":0,"336":1,"337":0,"338":0,"339":0,"340":0,"341":0,"342":1},"f":{"0":0,"1":0,"2":0,"3":0,"4":0,"5":0,"6":0,"7":0,"8":0,"9":0,"10":0,"11":0,"12":0,"13":0,"14":0,"15":0,"16":0,"17":0,"18":0,"19":0,"20":0,"21":0,"22":0,"23":0,"24":0,"25":0,"26":0,"27":0,"28":0,"29":0,"30":0,"31":0},"b":{"0":[0,0],"1":[0,0],"2":[0,0],"3":[0,0],"4":[0,0],"5":[0,0],"6":[0,0],"7":[0,0],"8":[0,0],"9":[0,0],"10":[0,0],"11":[0,0],"12":[0,0],"13":[0,0],"14":[0,0],"15":[0,0],"16":[0,0],"17":[0,0],"18":[0,0],"19":[0,0],"20":[0,0],"21":[0,0],"22":[0,0],"23":[0,0],"24":[0,0],"25":[0,0],"26":[0,0,0,0,0,0],"27":[0,0],"28":[0,0],"29":[0,0],"30":[0,0],"31":[0,0],"32":[0,0],"33":[0,0],"34":[0,0],"35":[0,0],"36":[0,0],"37":[0,0]},"_coverageSchema":"1a1c01bbd47fc00a2c39e90264f33305004495a9","hash":"4db7432b858d13827eaf56a7dc22f8f61fcd5f71"}
,"/home/galin/Desktop/projects/GitHub/Forum-Project-node/project/paymentProviders.js": {"path":"/home/galin/Desktop/projects/GitHub/Forum-Project-node/project/paymentProviders.js","statementMap":{"0":{"start":{"line":1,"column":21},"end":{"line":1,"column":46}},"1":{"start":{"line":2,"column":15},"end":{"line":2,"column":34}},"2":{"start":{"line":3,"column":26},"end":{"line":3,"column":56}},"3":{"start":{"line":4,"column":59},"end":{"line":4,"column":82}},"4":{"start":{"line":6,"column":26},"end":{"line":6,"column":36}},"5":{"start":{"line":7,"column":29},"end":{"line":7,"column":38}},"6":{"start":{"line":8,"column":30},"end":{"line":8,"column":62}},"7":{"start":{"line":12,"column":8},"end":{"line":12,"column":32}},"8":{"start":{"line":13,"column":8},"end":{"line":13,"column":29}},"9":{"start":{"line":17,"column":8},"end":{"line":17,"column":76}},"10":{"start":{"line":22,"column":8},"end":{"line":22,"column":100}},"11":{"start":{"line":23,"column":23},"end":{"line":23,"column":101}},"12":{"start":{"line":26,"column":8},"end":{"line":26,"column":76}},"13":{"start":{"line":28,"column":33},"end":{"line":43,"column":29}},"14":{"start":{"line":45,"column":8},"end":{"line":45,"column":78}},"15":{"start":{"line":47,"column":8},"end":{"line":47,"column":60}},"16":{"start":{"line":49,"column":32},"end":{"line":49,"column":125}},"17":{"start":{"line":50,"column":21},"end":{"line":50,"column":44}},"18":{"start":{"line":52,"column":24},"end":{"line":52,"column":121}},"19":{"start":{"line":53,"column":21},"end":{"line":53,"column":36}},"20":{"start":{"line":54,"column":8},"end":{"line":54,"column":66}},"21":{"start":{"line":56,"column":8},"end":{"line":56,"column":51}},"22":{"start":{"line":57,"column":8},"end":{"line":57,"column":49}},"23":{"start":{"line":59,"column":26},"end":{"line":59,"column":158}},"24":{"start":{"line":61,"column":8},"end":{"line":66,"column":15}},"25":{"start":{"line":72,"column":8},"end":{"line":72,"column":68}},"26":{"start":{"line":73,"column":28},"end":{"line":73,"column":74}},"27":{"start":{"line":74,"column":8},"end":{"line":74,"column":48}},"28":{"start":{"line":75,"column":8},"end":{"line":78,"column":10}},"29":{"start":{"line":82,"column":8},"end":{"line":82,"column":66}},"30":{"start":{"line":85,"column":30},"end":{"line":85,"column":64}},"31":{"start":{"line":87,"column":8},"end":{"line":90,"column":10}},"32":{"start":{"line":96,"column":8},"end":{"line":96,"column":35}},"33":{"start":{"line":101,"column":8},"end":{"line":101,"column":97}},"34":{"start":{"line":102,"column":8},"end":{"line":102,"column":80}},"35":{"start":{"line":106,"column":0},"end":{"line":109,"column":1}}},"fnMap":{"0":{"name":"(anonymous_0)","decl":{"start":{"line":11,"column":4},"end":{"line":11,"column":5}},"loc":{"start":{"line":11,"column":38},"end":{"line":14,"column":5}},"line":11},"1":{"name":"(anonymous_1)","decl":{"start":{"line":16,"column":4},"end":{"line":16,"column":5}},"loc":{"start":{"line":16,"column":27},"end":{"line":18,"column":5}},"line":16},"2":{"name":"(anonymous_2)","decl":{"start":{"line":20,"column":4},"end":{"line":20,"column":5}},"loc":{"start":{"line":20,"column":70},"end":{"line":67,"column":5}},"line":20},"3":{"name":"(anonymous_3)","decl":{"start":{"line":71,"column":4},"end":{"line":71,"column":5}},"loc":{"start":{"line":71,"column":34},"end":{"line":79,"column":5}},"line":71},"4":{"name":"(anonymous_4)","decl":{"start":{"line":81,"column":4},"end":{"line":81,"column":5}},"loc":{"start":{"line":81,"column":32},"end":{"line":91,"column":5}},"line":81},"5":{"name":"(anonymous_5)","decl":{"start":{"line":95,"column":4},"end":{"line":95,"column":5}},"loc":{"start":{"line":95,"column":37},"end":{"line":98,"column":5}},"line":95},"6":{"name":"(anonymous_6)","decl":{"start":{"line":100,"column":4},"end":{"line":100,"column":5}},"loc":{"start":{"line":100,"column":49},"end":{"line":103,"column":5}},"line":100}},"branchMap":{},"s":{"0":1,"1":1,"2":1,"3":1,"4":1,"5":1,"6":1,"7":0,"8":0,"9":0,"10":0,"11":0,"12":0,"13":0,"14":0,"15":0,"16":0,"17":0,"18":0,"19":0,"20":0,"21":0,"22":0,"23":0,"24":0,"25":0,"26":0,"27":0,"28":0,"29":0,"30":0,"31":0,"32":0,"33":0,"34":0,"35":1},"f":{"0":0,"1":0,"2":0,"3":0,"4":0,"5":0,"6":0},"b":{},"_coverageSchema":"1a1c01bbd47fc00a2c39e90264f33305004495a9","hash":"3ef513b3144750a792111ad050fe1ca17333303e"}
,"/home/galin/Desktop/projects/GitHub/Forum-Project-node/project/paypal.js": {"path":"/home/galin/Desktop/projects/GitHub/Forum-Project-node/project/paypal.js","statementMap":{"0":{"start":{"line":1,"column":15},"end":{"line":1,"column":34}},"1":{"start":{"line":2,"column":15},"end":{"line":2,"column":39}},"2":{"start":{"line":3,"column":46},"end":{"line":3,"column":69}},"3":{"start":{"line":4,"column":14},"end":{"line":4,"column":30}},"4":{"start":{"line":6,"column":34},"end":{"line":6,"column":52}},"5":{"start":{"line":9,"column":21},"end":{"line":16,"column":6}},"6":{"start":{"line":18,"column":1},"end":{"line":18,"column":110}},"7":{"start":{"line":20,"column":17},"end":{"line":20,"column":38}},"8":{"start":{"line":21,"column":4},"end":{"line":21,"column":52}},"9":{"start":{"line":22,"column":4},"end":{"line":22,"column":29}},"10":{"start":{"line":26,"column":21},"end":{"line":26,"column":48}},"11":{"start":{"line":27,"column":4},"end":{"line":27,"column":59}},"12":{"start":{"line":29,"column":13},"end":{"line":29,"column":86}},"13":{"start":{"line":30,"column":19},"end":{"line":30,"column":29}},"14":{"start":{"line":32,"column":4},"end":{"line":32,"column":92}},"15":{"start":{"line":34,"column":18},"end":{"line":48,"column":14}},"16":{"start":{"line":50,"column":22},"end":{"line":50,"column":37}},"17":{"start":{"line":52,"column":1},"end":{"line":52,"column":47}},"18":{"start":{"line":54,"column":1},"end":{"line":54,"column":111}},"19":{"start":{"line":56,"column":30},"end":{"line":56,"column":73}},"20":{"start":{"line":57,"column":13},"end":{"line":57,"column":14}},"21":{"start":{"line":58,"column":23},"end":{"line":58,"column":24}},"22":{"start":{"line":59,"column":28},"end":{"line":59,"column":29}},"23":{"start":{"line":61,"column":15},"end":{"line":100,"column":6}},"24":{"start":{"line":62,"column":22},"end":{"line":62,"column":43}},"25":{"start":{"line":63,"column":30},"end":{"line":63,"column":59}},"26":{"start":{"line":65,"column":33},"end":{"line":65,"column":54}},"27":{"start":{"line":66,"column":38},"end":{"line":66,"column":39}},"28":{"start":{"line":68,"column":28},"end":{"line":68,"column":87}},"29":{"start":{"line":70,"column":8},"end":{"line":70,"column":53}},"30":{"start":{"line":71,"column":8},"end":{"line":71,"column":71}},"31":{"start":{"line":73,"column":2},"end":{"line":73,"column":58}},"32":{"start":{"line":77,"column":8},"end":{"line":82,"column":9}},"33":{"start":{"line":78,"column":12},"end":{"line":78,"column":116}},"34":{"start":{"line":79,"column":12},"end":{"line":79,"column":131}},"35":{"start":{"line":81,"column":12},"end":{"line":81,"column":61}},"36":{"start":{"line":84,"column":8},"end":{"line":84,"column":84}},"37":{"start":{"line":85,"column":18},"end":{"line":85,"column":68}},"38":{"start":{"line":86,"column":8},"end":{"line":86,"column":44}},"39":{"start":{"line":87,"column":8},"end":{"line":87,"column":33}},"40":{"start":{"line":88,"column":8},"end":{"line":88,"column":64}},"41":{"start":{"line":89,"column":8},"end":{"line":89,"column":76}},"42":{"start":{"line":91,"column":8},"end":{"line":99,"column":10}},"43":{"start":{"line":102,"column":4},"end":{"line":102,"column":53}},"44":{"start":{"line":104,"column":19},"end":{"line":109,"column":5}},"45":{"start":{"line":111,"column":4},"end":{"line":111,"column":71}},"46":{"start":{"line":112,"column":1},"end":{"line":112,"column":29}},"47":{"start":{"line":113,"column":1},"end":{"line":113,"column":37}},"48":{"start":{"line":114,"column":1},"end":{"line":114,"column":53}},"49":{"start":{"line":116,"column":22},"end":{"line":116,"column":104}},"50":{"start":{"line":117,"column":22},"end":{"line":117,"column":102}},"51":{"start":{"line":119,"column":23},"end":{"line":145,"column":6}},"52":{"start":{"line":146,"column":1},"end":{"line":146,"column":48}},"53":{"start":{"line":147,"column":1},"end":{"line":147,"column":99}},"54":{"start":{"line":148,"column":19},"end":{"line":148,"column":45}},"55":{"start":{"line":150,"column":1},"end":{"line":150,"column":60}},"56":{"start":{"line":151,"column":1},"end":{"line":151,"column":66}},"57":{"start":{"line":151,"column":37},"end":{"line":151,"column":59}},"58":{"start":{"line":155,"column":21},"end":{"line":155,"column":48}},"59":{"start":{"line":157,"column":18},"end":{"line":163,"column":6}},"60":{"start":{"line":165,"column":1},"end":{"line":165,"column":94}},"61":{"start":{"line":167,"column":14},"end":{"line":167,"column":35}},"62":{"start":{"line":168,"column":1},"end":{"line":168,"column":13}},"63":{"start":{"line":172,"column":18},"end":{"line":172,"column":56}},"64":{"start":{"line":173,"column":4},"end":{"line":173,"column":40}},"65":{"start":{"line":176,"column":0},"end":{"line":180,"column":1}}},"fnMap":{"0":{"name":"generateAccessToken","decl":{"start":{"line":8,"column":15},"end":{"line":8,"column":34}},"loc":{"start":{"line":8,"column":37},"end":{"line":23,"column":1}},"line":8},"1":{"name":"createOrder","decl":{"start":{"line":25,"column":15},"end":{"line":25,"column":26}},"loc":{"start":{"line":25,"column":44},"end":{"line":152,"column":1}},"line":25},"2":{"name":"(anonymous_2)","decl":{"start":{"line":61,"column":34},"end":{"line":61,"column":35}},"loc":{"start":{"line":61,"column":41},"end":{"line":100,"column":5}},"line":61},"3":{"name":"(anonymous_3)","decl":{"start":{"line":151,"column":29},"end":{"line":151,"column":30}},"loc":{"start":{"line":151,"column":37},"end":{"line":151,"column":59}},"line":151},"4":{"name":"capturePayment","decl":{"start":{"line":154,"column":15},"end":{"line":154,"column":29}},"loc":{"start":{"line":154,"column":39},"end":{"line":169,"column":1}},"line":154},"5":{"name":"generateUrl","decl":{"start":{"line":171,"column":9},"end":{"line":171,"column":20}},"loc":{"start":{"line":171,"column":44},"end":{"line":174,"column":1}},"line":171}},"branchMap":{"0":{"loc":{"start":{"line":77,"column":8},"end":{"line":82,"column":9}},"type":"if","locations":[{"start":{"line":77,"column":8},"end":{"line":82,"column":9}},{"start":{"line":80,"column":15},"end":{"line":82,"column":9}}],"line":77}},"s":{"0":2,"1":2,"2":2,"3":2,"4":2,"5":2,"6":2,"7":1,"8":1,"9":1,"10":0,"11":0,"12":0,"13":0,"14":0,"15":0,"16":0,"17":0,"18":0,"19":0,"20":0,"21":0,"22":0,"23":0,"24":0,"25":0,"26":0,"27":0,"28":0,"29":0,"30":0,"31":0,"32":0,"33":0,"34":0,"35":0,"36":0,"37":0,"38":0,"39":0,"40":0,"41":0,"42":0,"43":0,"44":0,"45":0,"46":0,"47":0,"48":0,"49":0,"50":0,"51":0,"52":0,"53":0,"54":0,"55":0,"56":0,"57":0,"58":0,"59":0,"60":0,"61":0,"62":0,"63":0,"64":0,"65":2},"f":{"0":2,"1":0,"2":0,"3":0,"4":0,"5":0},"b":{"0":[0,0]},"_coverageSchema":"1a1c01bbd47fc00a2c39e90264f33305004495a9","hash":"d26e3ae1a227dcda9815c1b232136e12f13612a0"}
,"/home/galin/Desktop/projects/GitHub/Forum-Project-node/project/sessions.js": {"path":"/home/galin/Desktop/projects/GitHub/Forum-Project-node/project/sessions.js","statementMap":{"0":{"start":{"line":1,"column":34},"end":{"line":1,"column":57}},"1":{"start":{"line":2,"column":15},"end":{"line":2,"column":32}},"2":{"start":{"line":5,"column":19},"end":{"line":5,"column":57}},"3":{"start":{"line":6,"column":21},"end":{"line":6,"column":55}},"4":{"start":{"line":8,"column":3},"end":{"line":24,"column":4}},"5":{"start":{"line":9,"column":4},"end":{"line":15,"column":6}},"6":{"start":{"line":17,"column":4},"end":{"line":23,"column":8}},"7":{"start":{"line":26,"column":3},"end":{"line":26,"column":20}},"8":{"start":{"line":30,"column":1},"end":{"line":34,"column":2}},"9":{"start":{"line":31,"column":2},"end":{"line":31,"column":14}},"10":{"start":{"line":33,"column":2},"end":{"line":33,"column":51}},"11":{"start":{"line":38,"column":20},"end":{"line":51,"column":5}},"12":{"start":{"line":52,"column":33},"end":{"line":52,"column":51}},"13":{"start":{"line":54,"column":4},"end":{"line":56,"column":5}},"14":{"start":{"line":55,"column":6},"end":{"line":55,"column":18}},"15":{"start":{"line":58,"column":24},"end":{"line":58,"column":68}},"16":{"start":{"line":59,"column":24},"end":{"line":59,"column":43}},"17":{"start":{"line":61,"column":4},"end":{"line":61,"column":66}},"18":{"start":{"line":63,"column":17},"end":{"line":63,"column":87}},"19":{"start":{"line":64,"column":21},"end":{"line":64,"column":51}},"20":{"start":{"line":66,"column":25},"end":{"line":83,"column":5}},"21":{"start":{"line":85,"column":4},"end":{"line":89,"column":5}},"22":{"start":{"line":86,"column":6},"end":{"line":86,"column":26}},"23":{"start":{"line":88,"column":6},"end":{"line":88,"column":18}},"24":{"start":{"line":93,"column":4},"end":{"line":93,"column":79}},"25":{"start":{"line":97,"column":16},"end":{"line":100,"column":5}},"26":{"start":{"line":101,"column":51},"end":{"line":101,"column":68}},"27":{"start":{"line":103,"column":4},"end":{"line":109,"column":5}},"28":{"start":{"line":104,"column":6},"end":{"line":104,"column":18}},"29":{"start":{"line":105,"column":11},"end":{"line":109,"column":5}},"30":{"start":{"line":106,"column":6},"end":{"line":106,"column":19}},"31":{"start":{"line":108,"column":6},"end":{"line":108,"column":18}},"32":{"start":{"line":112,"column":0},"end":{"line":116,"column":1}}},"fnMap":{"0":{"name":"createSession","decl":{"start":{"line":4,"column":15},"end":{"line":4,"column":28}},"loc":{"start":{"line":4,"column":59},"end":{"line":27,"column":1}},"line":4},"1":{"name":"getCurrentUser","decl":{"start":{"line":29,"column":15},"end":{"line":29,"column":29}},"loc":{"start":{"line":29,"column":50},"end":{"line":35,"column":1}},"line":29},"2":{"name":"getUserBySession","decl":{"start":{"line":37,"column":15},"end":{"line":37,"column":31}},"loc":{"start":{"line":37,"column":51},"end":{"line":90,"column":1}},"line":37},"3":{"name":"clearExpiredSessions","decl":{"start":{"line":92,"column":15},"end":{"line":92,"column":35}},"loc":{"start":{"line":92,"column":44},"end":{"line":94,"column":1}},"line":92},"4":{"name":"getSessionCookieType","decl":{"start":{"line":96,"column":15},"end":{"line":96,"column":35}},"loc":{"start":{"line":96,"column":55},"end":{"line":110,"column":1}},"line":96}},"branchMap":{"0":{"loc":{"start":{"line":8,"column":3},"end":{"line":24,"column":4}},"type":"if","locations":[{"start":{"line":8,"column":3},"end":{"line":24,"column":4}},{"start":{"line":16,"column":10},"end":{"line":24,"column":4}}],"line":8},"1":{"loc":{"start":{"line":30,"column":1},"end":{"line":34,"column":2}},"type":"if","locations":[{"start":{"line":30,"column":1},"end":{"line":34,"column":2}},{"start":{"line":32,"column":8},"end":{"line":34,"column":2}}],"line":30},"2":{"loc":{"start":{"line":54,"column":4},"end":{"line":56,"column":5}},"type":"if","locations":[{"start":{"line":54,"column":4},"end":{"line":56,"column":5}},{"start":{},"end":{}}],"line":54},"3":{"loc":{"start":{"line":63,"column":17},"end":{"line":63,"column":87}},"type":"binary-expr","locations":[{"start":{"line":63,"column":17},"end":{"line":63,"column":48}},{"start":{"line":63,"column":52},"end":{"line":63,"column":87}}],"line":63},"4":{"loc":{"start":{"line":85,"column":4},"end":{"line":89,"column":5}},"type":"if","locations":[{"start":{"line":85,"column":4},"end":{"line":89,"column":5}},{"start":{"line":87,"column":11},"end":{"line":89,"column":5}}],"line":85},"5":{"loc":{"start":{"line":85,"column":8},"end":{"line":85,"column":24}},"type":"binary-expr","locations":[{"start":{"line":85,"column":8},"end":{"line":85,"column":16}},{"start":{"line":85,"column":20},"end":{"line":85,"column":24}}],"line":85},"6":{"loc":{"start":{"line":101,"column":51},"end":{"line":101,"column":68}},"type":"binary-expr","locations":[{"start":{"line":101,"column":51},"end":{"line":101,"column":62}},{"start":{"line":101,"column":66},"end":{"line":101,"column":68}}],"line":101},"7":{"loc":{"start":{"line":103,"column":4},"end":{"line":109,"column":5}},"type":"if","locations":[{"start":{"line":103,"column":4},"end":{"line":109,"column":5}},{"start":{"line":105,"column":11},"end":{"line":109,"column":5}}],"line":103},"8":{"loc":{"start":{"line":105,"column":11},"end":{"line":109,"column":5}},"type":"if","locations":[{"start":{"line":105,"column":11},"end":{"line":109,"column":5}},{"start":{"line":107,"column":11},"end":{"line":109,"column":5}}],"line":105}},"s":{"0":1,"1":1,"2":0,"3":0,"4":0,"5":0,"6":0,"7":0,"8":0,"9":0,"10":0,"11":0,"12":0,"13":0,"14":0,"15":0,"16":0,"17":0,"18":0,"19":0,"20":0,"21":0,"22":0,"23":0,"24":0,"25":0,"26":0,"27":0,"28":0,"29":0,"30":0,"31":0,"32":1},"f":{"0":0,"1":0,"2":0,"3":0,"4":0},"b":{"0":[0,0],"1":[0,0],"2":[0,0],"3":[0,0],"4":[0,0],"5":[0,0],"6":[0,0],"7":[0,0],"8":[0,0]},"_coverageSchema":"1a1c01bbd47fc00a2c39e90264f33305004495a9","hash":"5e7035a779270d389d64b93f86fdac5df290dc8f"}
}
