TN:
SF:project/backOfficeService.js
FN:14,login
FN:27,parseMultipartFormData
FN:62,(anonymous_2)
FN:63,(anonymous_3)
FN:120,parseMultipartFormDataGenerator
FN:144,(anonymous_5)
FN:145,(anonymous_6)
FN:167,parseCSV
FN:168,(anonymous_8)
FN:174,(anonymous_9)
FN:215,parseLine
FN:243,(anonymous_11)
FN:246,mapSchemaPropertiesToDBRelations
FN:325,getBoundary
FN:340,makeTableJoins
FN:461,makeTableFilters
FN:474,(anonymous_16)
FN:539,generateReportSQLQuery
FN:549,(anonymous_18)
FN:555,(anonymous_19)
FN:647,buildInsertQueries
FN:648,(anonymous_21)
FN:650,(anonymous_22)
FN:667,getSQLTemplateFromInterfaceName
FN:783,fetchReportData
FN:788,(anonymous_25)
FN:789,(anonymous_26)
FN:803,getStaffPermissions
FN:818,checkStaffPermissions
FN:840,(anonymous_29)
FN:841,(anonymous_30)
FN:850,getTemplatesData
FN:866,getTemplateById
FN:879,mapEmailData
FNF:34
FNH:3
FNDA:0,login
FNDA:0,parseMultipartFormData
FNDA:0,(anonymous_2)
FNDA:0,(anonymous_3)
FNDA:0,parseMultipartFormDataGenerator
FNDA:0,(anonymous_5)
FNDA:0,(anonymous_6)
FNDA:0,parseCSV
FNDA:0,(anonymous_8)
FNDA:0,(anonymous_9)
FNDA:0,parseLine
FNDA:0,(anonymous_11)
FNDA:0,mapSchemaPropertiesToDBRelations
FNDA:0,getBoundary
FNDA:0,makeTableJoins
FNDA:0,makeTableFilters
FNDA:0,(anonymous_16)
FNDA:0,generateReportSQLQuery
FNDA:0,(anonymous_18)
FNDA:0,(anonymous_19)
FNDA:0,buildInsertQueries
FNDA:0,(anonymous_21)
FNDA:0,(anonymous_22)
FNDA:0,getSQLTemplateFromInterfaceName
FNDA:0,fetchReportData
FNDA:0,(anonymous_25)
FNDA:0,(anonymous_26)
FNDA:0,getStaffPermissions
FNDA:0,checkStaffPermissions
FNDA:0,(anonymous_29)
FNDA:0,(anonymous_30)
FNDA:1,getTemplatesData
FNDA:2,getTemplateById
FNDA:3,mapEmailData
DA:1,2
DA:2,2
DA:3,2
DA:4,2
DA:5,2
DA:6,2
DA:7,2
DA:8,2
DA:9,2
DA:10,2
DA:11,2
DA:12,2
DA:15,0
DA:16,0
DA:18,0
DA:19,0
DA:21,0
DA:22,0
DA:24,0
DA:28,0
DA:30,0
DA:31,0
DA:33,0
DA:34,0
DA:35,0
DA:37,0
DA:38,0
DA:40,0
DA:42,0
DA:43,0
DA:45,0
DA:47,0
DA:48,0
DA:50,0
DA:52,0
DA:55,0
DA:57,0
DA:59,0
DA:60,0
DA:62,0
DA:63,0
DA:65,0
DA:66,0
DA:68,0
DA:69,0
DA:70,0
DA:71,0
DA:72,0
DA:74,0
DA:79,0
DA:80,0
DA:82,0
DA:83,0
DA:85,0
DA:86,0
DA:88,0
DA:90,0
DA:92,0
DA:93,0
DA:95,0
DA:97,0
DA:98,0
DA:99,0
DA:102,0
DA:103,0
DA:104,0
DA:105,0
DA:106,0
DA:108,0
DA:113,0
DA:114,0
DA:116,0
DA:121,0
DA:123,0
DA:124,0
DA:126,0
DA:128,0
DA:129,0
DA:131,0
DA:133,0
DA:134,0
DA:136,0
DA:138,0
DA:140,0
DA:142,0
DA:143,0
DA:144,0
DA:145,0
DA:147,0
DA:148,0
DA:150,0
DA:152,0
DA:153,0
DA:155,0
DA:156,0
DA:157,0
DA:158,0
DA:160,0
DA:161,0
DA:168,0
DA:169,0
DA:171,0
DA:172,0
DA:174,0
DA:175,0
DA:176,0
DA:179,0
DA:180,0
DA:181,0
DA:183,0
DA:188,0
DA:189,0
DA:191,0
DA:192,0
DA:193,0
DA:195,0
DA:196,0
DA:202,0
DA:203,0
DA:206,0
DA:207,0
DA:210,0
DA:211,0
DA:216,0
DA:217,0
DA:218,0
DA:220,0
DA:221,0
DA:223,0
DA:225,0
DA:226,0
DA:227,0
DA:229,0
DA:230,0
DA:232,0
DA:233,0
DA:236,0
DA:241,0
DA:243,0
DA:247,0
DA:248,0
DA:249,0
DA:250,0
DA:251,0
DA:252,0
DA:253,0
DA:254,0
DA:256,0
DA:258,0
DA:259,0
DA:261,0
DA:262,0
DA:264,0
DA:265,0
DA:267,0
DA:268,0
DA:270,0
DA:272,0
DA:274,0
DA:275,0
DA:276,0
DA:277,0
DA:278,0
DA:281,0
DA:282,0
DA:283,0
DA:285,0
DA:286,0
DA:287,0
DA:288,0
DA:289,0
DA:290,0
DA:292,0
DA:293,0
DA:294,0
DA:295,0
DA:296,0
DA:297,0
DA:299,0
DA:300,0
DA:302,0
DA:304,0
DA:306,0
DA:316,0
DA:317,0
DA:321,0
DA:326,0
DA:330,0
DA:331,0
DA:333,0
DA:334,0
DA:337,0
DA:341,0
DA:342,0
DA:343,0
DA:345,0
DA:346,0
DA:347,0
DA:349,0
DA:350,0
DA:351,0
DA:352,0
DA:353,0
DA:354,0
DA:356,0
DA:357,0
DA:360,0
DA:361,0
DA:362,0
DA:363,0
DA:364,0
DA:365,0
DA:366,0
DA:371,0
DA:374,0
DA:376,0
DA:377,0
DA:378,0
DA:379,0
DA:380,0
DA:381,0
DA:383,0
DA:386,0
DA:389,0
DA:394,0
DA:396,0
DA:399,0
DA:400,0
DA:401,0
DA:402,0
DA:404,0
DA:405,0
DA:406,0
DA:407,0
DA:408,0
DA:409,0
DA:410,0
DA:411,0
DA:412,0
DA:413,0
DA:414,0
DA:416,0
DA:417,0
DA:418,0
DA:419,0
DA:420,0
DA:422,0
DA:423,0
DA:426,0
DA:428,0
DA:429,0
DA:430,0
DA:432,0
DA:434,0
DA:442,0
DA:443,0
DA:444,0
DA:446,0
DA:447,0
DA:452,0
DA:453,0
DA:454,0
DA:455,0
DA:456,0
DA:457,0
DA:458,0
DA:462,0
DA:463,0
DA:465,0
DA:467,0
DA:468,0
DA:469,0
DA:471,0
DA:472,0
DA:474,0
DA:475,0
DA:476,0
DA:477,0
DA:478,0
DA:479,0
DA:480,0
DA:481,0
DA:485,0
DA:486,0
DA:487,0
DA:489,0
DA:490,0
DA:491,0
DA:493,0
DA:494,0
DA:495,0
DA:497,0
DA:498,0
DA:499,0
DA:500,0
DA:501,0
DA:502,0
DA:503,0
DA:505,0
DA:506,0
DA:507,0
DA:508,0
DA:509,0
DA:510,0
DA:511,0
DA:512,0
DA:513,0
DA:515,0
DA:516,0
DA:517,0
DA:518,0
DA:520,0
DA:521,0
DA:522,0
DA:523,0
DA:525,0
DA:526,0
DA:527,0
DA:528,0
DA:529,0
DA:530,0
DA:531,0
DA:532,0
DA:536,0
DA:540,0
DA:542,0
DA:543,0
DA:544,0
DA:545,0
DA:546,0
DA:547,0
DA:549,0
DA:550,0
DA:551,0
DA:555,0
DA:556,0
DA:557,0
DA:558,0
DA:559,0
DA:560,0
DA:562,0
DA:563,0
DA:564,0
DA:565,0
DA:567,0
DA:572,0
DA:573,0
DA:574,0
DA:575,0
DA:577,0
DA:578,0
DA:581,0
DA:582,0
DA:583,0
DA:585,0
DA:587,0
DA:588,0
DA:589,0
DA:591,0
DA:593,0
DA:594,0
DA:596,0
DA:597,0
DA:600,0
DA:603,0
DA:604,0
DA:605,0
DA:607,0
DA:610,0
DA:611,0
DA:612,0
DA:613,0
DA:614,0
DA:615,0
DA:617,0
DA:622,0
DA:623,0
DA:625,0
DA:626,0
DA:627,0
DA:631,0
DA:641,0
DA:642,0
DA:644,0
DA:648,0
DA:649,0
DA:650,0
DA:651,0
DA:653,0
DA:654,0
DA:655,0
DA:656,0
DA:657,0
DA:658,0
DA:660,0
DA:669,0
DA:670,0
DA:694,0
DA:695,0
DA:738,0
DA:739,0
DA:780,0
DA:784,0
DA:785,0
DA:786,0
DA:787,0
DA:788,0
DA:789,0
DA:790,0
DA:791,0
DA:795,0
DA:796,0
DA:799,0
DA:804,0
DA:815,0
DA:819,0
DA:820,0
DA:821,0
DA:822,0
DA:823,0
DA:824,0
DA:825,0
DA:826,0
DA:827,0
DA:828,0
DA:829,0
DA:830,0
DA:831,0
DA:832,0
DA:833,0
DA:834,0
DA:835,0
DA:838,0
DA:839,0
DA:840,0
DA:841,0
DA:842,0
DA:843,0
DA:845,0
DA:847,0
DA:851,1
DA:857,1
DA:863,1
DA:867,2
DA:874,2
DA:876,1
DA:880,3
DA:881,3
DA:882,3
DA:883,3
DA:885,3
DA:886,3
DA:888,3
DA:890,3
DA:891,1
DA:892,1
DA:894,1
DA:895,1
DA:896,1
DA:898,2
DA:899,1
DA:900,1
DA:902,1
DA:912,1
DA:913,1
DA:914,1
DA:916,1
DA:918,1
DA:920,1
DA:921,1
DA:922,1
DA:923,1
DA:924,1
DA:926,1
DA:928,1
DA:930,1
DA:932,1
DA:934,1
DA:936,1
DA:938,1
DA:940,1
DA:949,1
DA:950,1
DA:951,1
DA:954,1
DA:976,1
DA:977,0
DA:993,1
DA:996,1
DA:998,1
DA:1017,1
DA:1018,1
DA:1019,1
DA:1021,0
DA:1022,0
DA:1026,1
DA:1029,2
DA:1037,2
LF:498
LH:67
BRDA:52,0,0,0
BRDA:52,0,1,0
BRDA:52,1,0,0
BRDA:52,1,1,0
BRDA:57,2,0,0
BRDA:57,2,1,0
BRDA:57,3,0,0
BRDA:57,3,1,0
BRDA:68,4,0,0
BRDA:68,4,1,0
BRDA:69,5,0,0
BRDA:69,5,1,0
BRDA:97,6,0,0
BRDA:97,6,1,0
BRDA:98,7,0,0
BRDA:98,7,1,0
BRDA:99,8,0,0
BRDA:99,8,1,0
BRDA:104,9,0,0
BRDA:104,9,1,0
BRDA:105,10,0,0
BRDA:105,10,1,0
BRDA:136,11,0,0
BRDA:136,11,1,0
BRDA:136,12,0,0
BRDA:136,12,1,0
BRDA:136,12,2,0
BRDA:140,13,0,0
BRDA:140,13,1,0
BRDA:140,14,0,0
BRDA:140,14,1,0
BRDA:223,15,0,0
BRDA:223,15,1,0
BRDA:223,16,0,0
BRDA:223,16,1,0
BRDA:227,17,0,0
BRDA:227,17,1,0
BRDA:230,18,0,0
BRDA:230,18,1,0
BRDA:230,19,0,0
BRDA:230,19,1,0
BRDA:272,20,0,0
BRDA:272,20,1,0
BRDA:272,21,0,0
BRDA:272,21,1,0
BRDA:275,22,0,0
BRDA:275,22,1,0
BRDA:276,23,0,0
BRDA:276,23,1,0
BRDA:277,24,0,0
BRDA:277,24,1,0
BRDA:304,25,0,0
BRDA:304,25,1,0
BRDA:333,26,0,0
BRDA:333,26,1,0
BRDA:356,27,0,0
BRDA:356,27,1,0
BRDA:360,28,0,0
BRDA:360,28,1,0
BRDA:361,29,0,0
BRDA:361,29,1,0
BRDA:363,30,0,0
BRDA:363,30,1,0
BRDA:365,31,0,0
BRDA:365,31,1,0
BRDA:374,32,0,0
BRDA:374,32,1,0
BRDA:396,33,0,0
BRDA:396,33,1,0
BRDA:416,34,0,0
BRDA:416,34,1,0
BRDA:418,35,0,0
BRDA:418,35,1,0
BRDA:442,36,0,0
BRDA:442,36,1,0
BRDA:485,37,0,0
BRDA:485,37,1,0
BRDA:489,38,0,0
BRDA:489,38,1,0
BRDA:493,39,0,0
BRDA:493,39,1,0
BRDA:497,40,0,0
BRDA:497,40,1,0
BRDA:497,41,0,0
BRDA:497,41,1,0
BRDA:501,42,0,0
BRDA:501,42,1,0
BRDA:501,43,0,0
BRDA:501,43,1,0
BRDA:501,43,2,0
BRDA:507,44,0,0
BRDA:507,44,1,0
BRDA:507,45,0,0
BRDA:507,45,1,0
BRDA:515,46,0,0
BRDA:515,46,1,0
BRDA:520,47,0,0
BRDA:520,47,1,0
BRDA:525,48,0,0
BRDA:525,48,1,0
BRDA:525,49,0,0
BRDA:525,49,1,0
BRDA:530,50,0,0
BRDA:530,50,1,0
BRDA:530,51,0,0
BRDA:530,51,1,0
BRDA:550,52,0,0
BRDA:550,52,1,0
BRDA:550,53,0,0
BRDA:550,53,1,0
BRDA:557,54,0,0
BRDA:557,54,1,0
BRDA:557,55,0,0
BRDA:557,55,1,0
BRDA:559,56,0,0
BRDA:559,56,1,0
BRDA:559,57,0,0
BRDA:559,57,1,0
BRDA:563,58,0,0
BRDA:563,58,1,0
BRDA:563,59,0,0
BRDA:563,59,1,0
BRDA:573,60,0,0
BRDA:573,60,1,0
BRDA:577,61,0,0
BRDA:577,61,1,0
BRDA:577,62,0,0
BRDA:577,62,1,0
BRDA:587,63,0,0
BRDA:587,63,1,0
BRDA:593,64,0,0
BRDA:593,64,1,0
BRDA:593,65,0,0
BRDA:593,65,1,0
BRDA:596,66,0,0
BRDA:596,66,1,0
BRDA:596,67,0,0
BRDA:596,67,1,0
BRDA:611,68,0,0
BRDA:611,68,1,0
BRDA:625,69,0,0
BRDA:625,69,1,0
BRDA:632,70,0,0
BRDA:632,70,1,0
BRDA:669,71,0,0
BRDA:669,71,1,0
BRDA:694,72,0,0
BRDA:694,72,1,0
BRDA:738,73,0,0
BRDA:738,73,1,0
BRDA:790,74,0,0
BRDA:790,74,1,0
BRDA:795,75,0,0
BRDA:795,75,1,0
BRDA:820,76,0,0
BRDA:820,76,1,0
BRDA:822,77,0,0
BRDA:822,77,1,0
BRDA:824,78,0,0
BRDA:824,78,1,0
BRDA:826,79,0,0
BRDA:826,79,1,0
BRDA:828,80,0,0
BRDA:828,80,1,0
BRDA:830,81,0,0
BRDA:830,81,1,0
BRDA:832,82,0,0
BRDA:832,82,1,0
BRDA:834,83,0,0
BRDA:834,83,1,0
BRDA:890,84,0,1
BRDA:890,84,1,2
BRDA:898,85,0,1
BRDA:898,85,1,1
BRDA:898,86,0,2
BRDA:898,86,1,1
BRDA:976,87,0,0
BRDA:976,87,1,1
BRDA:1017,88,0,1
BRDA:1017,88,1,0
BRF:180
BRH:8
end_of_record
TN:
SF:project/config.js
FNF:0
FNH:0
DA:1,2
DA:2,2
DA:3,2
DA:4,2
DA:5,2
DA:6,2
DA:9,2
DA:12,2
DA:13,2
DA:14,2
DA:15,2
DA:16,2
DA:17,2
DA:20,2
DA:23,2
DA:26,2
DA:27,2
DA:28,2
DA:29,2
DA:32,2
DA:35,2
DA:38,2
DA:41,2
DA:43,2
LF:24
LH:24
BRF:0
BRH:0
end_of_record
TN:
SF:project/db.js
FNF:0
FNH:0
DA:1,2
DA:2,2
DA:4,2
DA:12,2
DA:14,2
LF:5
LH:5
BRF:0
BRH:0
end_of_record
TN:
SF:project/error_codes.js
FNF:0
FNH:0
DA:1,2
DA:2,2
DA:3,2
DA:4,2
DA:5,2
DA:6,2
DA:7,2
DA:8,2
DA:9,2
DA:10,2
DA:11,2
DA:12,2
DA:13,2
DA:14,2
DA:15,2
DA:16,2
DA:17,2
DA:18,2
DA:19,2
DA:20,2
DA:21,2
DA:22,2
DA:23,2
DA:24,2
DA:25,2
DA:26,2
DA:27,2
DA:28,2
DA:29,2
DA:30,2
DA:31,2
DA:34,2
DA:35,2
DA:36,2
DA:37,2
DA:39,2
LF:36
LH:36
BRF:0
BRH:0
end_of_record
TN:
SF:project/exceptions.js
FN:2,(anonymous_0)
FN:10,(anonymous_1)
FN:17,(anonymous_2)
FN:25,(anonymous_3)
FN:31,AssertDev
FN:37,AssertUser
FN:43,AssertPeer
FN:49,TemporaryError
FNF:8
FNH:6
FNDA:20,(anonymous_0)
FNDA:4,(anonymous_1)
FNDA:1,(anonymous_2)
FNDA:0,(anonymous_3)
FNDA:128,AssertDev
FNDA:55,AssertUser
FNDA:2,AssertPeer
FNDA:0,TemporaryError
DA:3,20
DA:4,20
DA:5,20
DA:11,4
DA:12,4
DA:18,1
DA:19,1
DA:20,1
DA:26,0
DA:27,0
DA:32,128
DA:33,2
DA:38,55
DA:39,10
DA:44,2
DA:45,1
DA:50,0
DA:51,0
DA:55,2
LF:19
LH:15
BRDA:32,0,0,2
BRDA:32,0,1,126
BRDA:38,1,0,10
BRDA:38,1,1,45
BRDA:44,2,0,1
BRDA:44,2,1,1
BRDA:50,3,0,0
BRDA:50,3,1,0
BRF:8
BRH:6
end_of_record
TN:
SF:project/front_office.js
FN:12,prepareRegistrationData
FN:37,registration
FN:144,refreshCaptcha
FN:168,verify
FN:184,login
FN:198,prepareHomeData
FN:225,(anonymous_6)
FN:291,getCartItemsCount
FN:318,getProfileData
FN:330,prepareCartData
FN:392,(anonymous_10)
FN:413,updateCartQuantity
FN:437,uuidv4
FN:438,(anonymous_13)
FN:443,addToCart
FN:510,removeFromCart
FN:515,mergeCart
FN:567,cart
FN:607,(anonymous_18)
FN:612,(anonymous_19)
FN:633,(anonymous_20)
FN:656,(anonymous_21)
FN:670,(anonymous_22)
FN:677,(anonymous_23)
FN:693,(anonymous_24)
FN:694,(anonymous_25)
FN:723,getOrder
FN:753,(anonymous_27)
FN:796,payOrder
FN:839,(anonymous_29)
FN:878,postProfile
FN:885,(anonymous_31)
FN:951,getPromotionForTheCurrentTime
FNF:33
FNH:2
FNDA:1,prepareRegistrationData
FNDA:10,registration
FNDA:0,refreshCaptcha
FNDA:0,verify
FNDA:0,login
FNDA:0,prepareHomeData
FNDA:0,(anonymous_6)
FNDA:0,getCartItemsCount
FNDA:0,getProfileData
FNDA:0,prepareCartData
FNDA:0,(anonymous_10)
FNDA:0,updateCartQuantity
FNDA:0,uuidv4
FNDA:0,(anonymous_13)
FNDA:0,addToCart
FNDA:0,removeFromCart
FNDA:0,mergeCart
FNDA:0,cart
FNDA:0,(anonymous_18)
FNDA:0,(anonymous_19)
FNDA:0,(anonymous_20)
FNDA:0,(anonymous_21)
FNDA:0,(anonymous_22)
FNDA:0,(anonymous_23)
FNDA:0,(anonymous_24)
FNDA:0,(anonymous_25)
FNDA:0,getOrder
FNDA:0,(anonymous_27)
FNDA:0,payOrder
FNDA:0,(anonymous_29)
FNDA:0,postProfile
FNDA:0,(anonymous_31)
FNDA:0,getPromotionForTheCurrentTime
DA:1,2
DA:2,2
DA:3,2
DA:4,2
DA:5,2
DA:7,2
DA:8,2
DA:10,2
DA:14,1
DA:15,1
DA:17,1
DA:22,1
DA:24,1
DA:25,1
DA:27,1
DA:34,1
DA:42,10
DA:44,10
DA:45,10
DA:46,10
DA:47,10
DA:48,10
DA:49,10
DA:50,10
DA:51,10
DA:52,10
DA:53,10
DA:54,10
DA:55,10
DA:57,10
DA:59,10
DA:61,10
DA:62,10
DA:64,10
DA:66,9
DA:68,9
DA:69,8
DA:70,7
DA:71,6
DA:72,5
DA:73,4
DA:75,3
DA:76,3
DA:78,2
DA:79,2
DA:80,2
DA:82,0
DA:85,2
DA:86,2
DA:87,2
DA:89,2
DA:90,2
DA:91,2
DA:93,2
DA:95,2
DA:96,2
DA:98,2
DA:100,1
DA:101,0
DA:105,1
DA:106,1
DA:108,1
DA:111,1
DA:113,1
DA:114,1
DA:116,0
DA:119,1
DA:121,1
DA:123,0
DA:124,0
DA:128,0
DA:130,0
DA:131,0
DA:132,0
DA:134,0
DA:146,0
DA:147,0
DA:149,0
DA:159,0
DA:161,0
DA:165,0
DA:169,0
DA:170,0
DA:173,0
DA:175,0
DA:176,0
DA:179,0
DA:181,0
DA:185,0
DA:186,0
DA:188,0
DA:189,0
DA:191,0
DA:192,0
DA:193,0
DA:195,0
DA:199,0
DA:201,0
DA:203,0
DA:204,0
DA:205,0
DA:206,0
DA:207,0
DA:210,0
DA:212,0
DA:214,0
DA:215,0
DA:216,0
DA:223,0
DA:225,0
DA:226,0
DA:228,0
DA:229,0
DA:230,0
DA:232,0
DA:235,0
DA:237,0
DA:238,0
DA:239,0
DA:240,0
DA:243,0
DA:244,0
DA:246,0
DA:267,0
DA:268,0
DA:270,0
DA:272,0
DA:278,0
DA:280,0
DA:281,0
DA:283,0
DA:285,0
DA:292,0
DA:304,0
DA:305,0
DA:307,0
DA:310,0
DA:311,0
DA:313,0
DA:315,0
DA:319,0
DA:320,0
DA:321,0
DA:322,0
DA:324,0
DA:331,0
DA:332,0
DA:334,0
DA:335,0
DA:336,0
DA:337,0
DA:338,0
DA:340,0
DA:341,0
DA:356,0
DA:358,0
DA:360,0
DA:362,0
DA:363,0
DA:365,0
DA:367,0
DA:382,0
DA:384,0
DA:386,0
DA:388,0
DA:389,0
DA:392,0
DA:393,0
DA:394,0
DA:395,0
DA:396,0
DA:397,0
DA:400,0
DA:410,0
DA:414,0
DA:415,0
DA:417,0
DA:419,0
DA:421,0
DA:422,0
DA:425,0
DA:426,0
DA:428,0
DA:430,0
DA:438,0
DA:439,0
DA:444,0
DA:445,0
DA:447,0
DA:449,0
DA:450,0
DA:452,0
DA:453,0
DA:455,0
DA:456,0
DA:458,0
DA:462,0
DA:463,0
DA:465,0
DA:466,0
DA:468,0
DA:470,0
DA:475,0
DA:477,0
DA:478,0
DA:480,0
DA:481,0
DA:483,0
DA:486,0
DA:487,0
DA:489,0
DA:490,0
DA:494,0
DA:496,0
DA:500,0
DA:507,0
DA:511,0
DA:512,0
DA:516,0
DA:517,0
DA:519,0
DA:521,0
DA:522,0
DA:524,0
DA:526,0
DA:528,0
DA:530,0
DA:532,0
DA:537,0
DA:539,0
DA:547,0
DA:555,0
DA:556,0
DA:559,0
DA:568,0
DA:570,0
DA:571,0
DA:573,0
DA:574,0
DA:575,0
DA:576,0
DA:577,0
DA:580,0
DA:601,0
DA:602,0
DA:603,0
DA:604,0
DA:605,0
DA:607,0
DA:608,0
DA:609,0
DA:610,0
DA:612,0
DA:613,0
DA:614,0
DA:615,0
DA:618,0
DA:619,0
DA:620,0
DA:621,0
DA:622,0
DA:623,0
DA:624,0
DA:625,0
DA:627,0
DA:628,0
DA:633,0
DA:634,0
DA:641,0
DA:642,0
DA:644,0
DA:647,0
DA:653,0
DA:654,0
DA:656,0
DA:664,0
DA:665,0
DA:668,0
DA:670,0
DA:673,0
DA:674,0
DA:677,0
DA:679,0
DA:680,0
DA:683,0
DA:685,0
DA:686,0
DA:688,0
DA:693,0
DA:694,0
DA:696,0
DA:698,0
DA:707,0
DA:708,0
DA:709,0
DA:711,0
DA:724,0
DA:726,0
DA:741,0
DA:743,0
DA:745,0
DA:746,0
DA:747,0
DA:748,0
DA:749,0
DA:751,0
DA:753,0
DA:755,0
DA:765,0
DA:766,0
DA:767,0
DA:770,0
DA:771,0
DA:783,0
DA:797,0
DA:798,0
DA:800,0
DA:801,0
DA:803,0
DA:804,0
DA:806,0
DA:807,0
DA:809,0
DA:810,0
DA:812,0
DA:814,0
DA:829,0
DA:831,0
DA:833,0
DA:835,0
DA:836,0
DA:837,0
DA:839,0
DA:840,0
DA:841,0
DA:842,0
DA:843,0
DA:846,0
DA:849,0
DA:850,0
DA:852,0
DA:855,0
DA:856,0
DA:857,0
DA:873,0
DA:875,0
DA:879,0
DA:881,0
DA:882,0
DA:884,0
DA:885,0
DA:886,0
DA:890,0
DA:891,0
DA:892,0
DA:894,0
DA:902,0
DA:903,0
DA:904,0
DA:906,0
DA:908,0
DA:910,0
DA:912,0
DA:914,0
DA:915,0
DA:917,0
DA:920,0
DA:921,0
DA:922,0
DA:924,0
DA:926,0
DA:929,0
DA:930,0
DA:931,0
DA:932,0
DA:933,0
DA:937,0
DA:939,0
DA:940,0
DA:942,0
DA:943,0
DA:945,0
DA:952,0
DA:967,0
DA:968,0
DA:970,0
DA:973,2
LF:387
LH:66
BRDA:68,0,0,9
BRDA:68,0,1,8
BRDA:71,1,0,6
BRDA:71,1,1,1
BRDA:71,1,2,1
BRDA:71,1,3,1
BRDA:72,2,0,5
BRDA:72,2,1,4
BRDA:73,3,0,4
BRDA:73,3,1,3
BRDA:79,4,0,2
BRDA:79,4,1,0
BRDA:89,5,0,2
BRDA:89,5,1,0
BRDA:98,6,0,2
BRDA:98,6,1,1
BRDA:100,7,0,0
BRDA:100,7,1,1
BRDA:108,8,0,1
BRDA:108,8,1,0
BRDA:113,9,0,1
BRDA:113,9,1,0
BRDA:123,10,0,0
BRDA:123,10,1,0
BRDA:169,11,0,0
BRDA:169,11,1,0
BRDA:175,12,0,0
BRDA:175,12,1,0
BRDA:204,13,0,0
BRDA:204,13,1,0
BRDA:204,14,0,0
BRDA:204,14,1,0
BRDA:206,15,0,0
BRDA:206,15,1,0
BRDA:226,16,0,0
BRDA:226,16,1,0
BRDA:237,17,0,0
BRDA:237,17,1,0
BRDA:243,18,0,0
BRDA:243,18,1,0
BRDA:304,19,0,0
BRDA:304,19,1,0
BRDA:340,20,0,0
BRDA:340,20,1,0
BRDA:449,21,0,0
BRDA:449,21,1,0
BRDA:462,22,0,0
BRDA:462,22,1,0
BRDA:486,23,0,0
BRDA:486,23,1,0
BRDA:524,24,0,0
BRDA:524,24,1,0
BRDA:537,25,0,0
BRDA:537,25,1,0
BRDA:573,26,0,0
BRDA:573,26,1,0
BRDA:574,27,0,0
BRDA:574,27,1,0
BRDA:770,28,0,0
BRDA:770,28,1,0
BRDA:849,29,0,0
BRDA:849,29,1,0
BRDA:884,30,0,0
BRDA:884,30,1,0
BRDA:885,31,0,0
BRDA:885,31,1,0
BRDA:902,32,0,0
BRDA:902,32,1,0
BRDA:902,33,0,0
BRDA:902,33,1,0
BRDA:920,34,0,0
BRDA:920,34,1,0
BRDA:930,35,0,0
BRDA:930,35,1,0
BRF:74
BRH:17
end_of_record
TN:
SF:project/mailer.js
FN:3,sendEmail
FN:19,(anonymous_1)
FNF:2
FNH:0
FNDA:0,sendEmail
FNDA:0,(anonymous_1)
DA:1,1
DA:4,0
DA:10,0
DA:11,0
DA:19,0
DA:20,0
DA:21,0
DA:23,0
DA:28,1
LF:9
LH:2
BRDA:20,0,0,0
BRDA:20,0,1,0
BRF:2
BRH:0
end_of_record
TN:
SF:project/main.js
FN:45,mapUrlToFunction
FN:68,(anonymous_1)
FN:79,(anonymous_2)
FN:137,getRegistrationHandler
FN:154,postRegistrationHandler
FN:203,getRefreshCaptchaHandler
FN:217,getVerificationHandler
FN:232,postLoginHandler
FN:269,getHeaderHandler
FN:286,(anonymous_9)
FN:295,(anonymous_10)
FN:309,getHomeHandler
FN:312,(anonymous_12)
FN:352,getLogoutHandler
FN:372,getProfileHandler
FN:383,getCartHandler
FN:407,postUpdateCarQuantityHandler
FN:423,postAddToCart
FN:478,postRemoveFromCart
FN:489,postCartHandler
FN:536,getOrderHandler
FN:552,postPaymentHandlerDef
FN:583,postPaypalHandler
FN:602,getPaypalCompleteOrder
FN:675,(anonymous_24)
FN:746,getPaypalCancelOrder
FN:750,postPaymentHandler
FN:809,postProfileHandler
FN:836,logException
FN:866,logEvent
FN:878,(anonymous_30)
FN:888,(anonymous_31)
FNF:32
FNH:0
FNDA:0,mapUrlToFunction
FNDA:0,(anonymous_1)
FNDA:0,(anonymous_2)
FNDA:0,getRegistrationHandler
FNDA:0,postRegistrationHandler
FNDA:0,getRefreshCaptchaHandler
FNDA:0,getVerificationHandler
FNDA:0,postLoginHandler
FNDA:0,getHeaderHandler
FNDA:0,(anonymous_9)
FNDA:0,(anonymous_10)
FNDA:0,getHomeHandler
FNDA:0,(anonymous_12)
FNDA:0,getLogoutHandler
FNDA:0,getProfileHandler
FNDA:0,getCartHandler
FNDA:0,postUpdateCarQuantityHandler
FNDA:0,postAddToCart
FNDA:0,postRemoveFromCart
FNDA:0,postCartHandler
FNDA:0,getOrderHandler
FNDA:0,postPaymentHandlerDef
FNDA:0,postPaypalHandler
FNDA:0,getPaypalCompleteOrder
FNDA:0,(anonymous_24)
FNDA:0,getPaypalCancelOrder
FNDA:0,postPaymentHandler
FNDA:0,postProfileHandler
FNDA:0,logException
FNDA:0,logEvent
FNDA:0,(anonymous_30)
FNDA:0,(anonymous_31)
DA:1,1
DA:2,1
DA:3,1
DA:4,1
DA:5,1
DA:6,1
DA:7,1
DA:8,1
DA:9,1
DA:10,1
DA:11,1
DA:12,1
DA:13,1
DA:15,1
DA:17,1
DA:46,0
DA:48,0
DA:49,0
DA:51,0
DA:52,0
DA:53,0
DA:55,0
DA:57,0
DA:58,0
DA:59,0
DA:61,0
DA:62,0
DA:68,1
DA:69,0
DA:72,0
DA:74,0
DA:75,0
DA:77,0
DA:79,0
DA:80,0
DA:81,0
DA:82,0
DA:87,0
DA:89,0
DA:91,0
DA:93,0
DA:95,0
DA:97,0
DA:98,0
DA:100,0
DA:103,0
DA:105,0
DA:107,0
DA:108,0
DA:111,0
DA:112,0
DA:114,0
DA:117,0
DA:119,0
DA:121,0
DA:122,0
DA:127,0
DA:131,0
DA:132,0
DA:138,0
DA:140,0
DA:141,0
DA:143,0
DA:144,0
DA:155,0
DA:156,0
DA:158,0
DA:160,0
DA:161,0
DA:163,0
DA:180,0
DA:182,0
DA:184,0
DA:185,0
DA:187,0
DA:189,0
DA:196,0
DA:205,0
DA:206,0
DA:208,0
DA:210,0
DA:218,0
DA:220,0
DA:222,0
DA:224,0
DA:226,0
DA:233,0
DA:234,0
DA:236,0
DA:237,0
DA:239,0
DA:240,0
DA:242,0
DA:243,0
DA:245,0
DA:246,0
DA:247,0
DA:248,0
DA:249,0
DA:250,0
DA:254,0
DA:255,0
DA:257,0
DA:262,0
DA:270,0
DA:271,0
DA:273,0
DA:281,0
DA:283,0
DA:284,0
DA:286,0
DA:288,0
DA:290,0
DA:291,0
DA:293,0
DA:295,0
DA:297,0
DA:299,0
DA:300,0
DA:301,0
DA:302,0
DA:306,0
DA:310,0
DA:312,0
DA:314,0
DA:316,0
DA:317,0
DA:318,0
DA:319,0
DA:321,0
DA:322,0
DA:323,0
DA:324,0
DA:326,0
DA:328,0
DA:330,0
DA:331,0
DA:333,0
DA:334,0
DA:337,0
DA:339,0
DA:353,0
DA:354,0
DA:356,0
DA:358,0
DA:360,0
DA:365,0
DA:373,0
DA:374,0
DA:376,0
DA:378,0
DA:384,0
DA:385,0
DA:387,0
DA:389,0
DA:390,0
DA:391,0
DA:392,0
DA:393,0
DA:395,0
DA:396,0
DA:399,0
DA:401,0
DA:408,0
DA:409,0
DA:411,0
DA:413,0
DA:424,0
DA:425,0
DA:427,0
DA:428,0
DA:430,0
DA:431,0
DA:434,0
DA:435,0
DA:437,0
DA:438,0
DA:441,0
DA:442,0
DA:444,0
DA:445,0
DA:447,0
DA:448,0
DA:450,0
DA:457,0
DA:458,0
DA:459,0
DA:463,0
DA:465,0
DA:466,0
DA:469,0
DA:475,0
DA:479,0
DA:481,0
DA:483,0
DA:490,0
DA:491,0
DA:493,0
DA:495,0
DA:497,0
DA:499,0
DA:510,0
DA:512,0
DA:514,0
DA:515,0
DA:517,0
DA:521,0
DA:523,0
DA:530,0
DA:537,0
DA:538,0
DA:540,0
DA:542,0
DA:544,0
DA:546,0
DA:553,0
DA:554,0
DA:556,0
DA:558,0
DA:560,0
DA:562,0
DA:567,0
DA:569,0
DA:571,0
DA:573,0
DA:575,0
DA:576,0
DA:579,0
DA:584,0
DA:585,0
DA:587,0
DA:589,0
DA:590,0
DA:592,0
DA:593,0
DA:596,0
DA:603,0
DA:604,0
DA:606,0
DA:608,0
DA:609,0
DA:611,0
DA:612,0
DA:614,0
DA:616,0
DA:617,0
DA:619,0
DA:620,0
DA:622,0
DA:637,0
DA:638,0
DA:639,0
DA:641,0
DA:658,0
DA:660,0
DA:662,0
DA:663,0
DA:665,0
DA:666,0
DA:667,0
DA:669,0
DA:670,0
DA:672,0
DA:673,0
DA:675,0
DA:676,0
DA:677,0
DA:678,0
DA:679,0
DA:681,0
DA:683,0
DA:684,0
DA:685,0
DA:687,0
DA:689,0
DA:696,0
DA:747,0
DA:751,0
DA:752,0
DA:754,0
DA:756,0
DA:757,0
DA:759,0
DA:761,0
DA:763,0
DA:780,0
DA:782,0
DA:784,0
DA:785,0
DA:787,0
DA:788,0
DA:789,0
DA:791,0
DA:792,0
DA:794,0
DA:796,0
DA:803,0
DA:810,0
DA:811,0
DA:813,0
DA:815,0
DA:826,0
DA:828,0
DA:830,0
DA:837,0
DA:839,0
DA:841,0
DA:843,0
DA:844,0
DA:845,0
DA:846,0
DA:847,0
DA:848,0
DA:849,0
DA:850,0
DA:852,0
DA:855,0
DA:857,0
DA:859,0
DA:862,0
DA:863,0
DA:867,0
DA:868,0
DA:870,0
DA:871,0
DA:874,0
DA:875,0
DA:878,1
DA:879,0
DA:880,0
DA:881,0
DA:882,0
DA:884,0
DA:888,1
DA:889,0
DA:890,0
DA:891,0
DA:892,0
DA:894,0
DA:898,1
LF:340
LH:19
BRDA:53,0,0,0
BRDA:53,0,1,0
BRDA:57,1,0,0
BRDA:57,1,1,0
BRDA:61,2,0,0
BRDA:61,2,1,0
BRDA:77,3,0,0
BRDA:77,3,1,0
BRDA:97,4,0,0
BRDA:97,4,1,0
BRDA:111,5,0,0
BRDA:111,5,1,0
BRDA:121,6,0,0
BRDA:121,6,1,0
BRDA:131,7,0,0
BRDA:131,7,1,0
BRDA:224,8,0,0
BRDA:224,8,1,0
BRDA:242,9,0,0
BRDA:242,9,1,0
BRDA:245,10,0,0
BRDA:245,10,1,0
BRDA:245,11,0,0
BRDA:245,11,1,0
BRDA:283,12,0,0
BRDA:283,12,1,0
BRDA:314,13,0,0
BRDA:314,13,1,0
BRDA:316,14,0,0
BRDA:316,14,1,0
BRDA:317,15,0,0
BRDA:317,15,1,0
BRDA:318,16,0,0
BRDA:318,16,1,0
BRDA:321,17,0,0
BRDA:321,17,1,0
BRDA:322,18,0,0
BRDA:322,18,1,0
BRDA:323,19,0,0
BRDA:323,19,1,0
BRDA:324,20,0,0
BRDA:324,20,1,0
BRDA:328,21,0,0
BRDA:328,21,1,0
BRDA:330,22,0,0
BRDA:330,22,1,0
BRDA:333,23,0,0
BRDA:333,23,1,0
BRDA:384,24,0,0
BRDA:384,24,1,0
BRDA:385,25,0,0
BRDA:385,25,1,0
BRDA:387,26,0,0
BRDA:387,26,1,0
BRDA:387,26,2,0
BRDA:387,26,3,0
BRDA:387,26,4,0
BRDA:387,26,5,0
BRDA:390,27,0,0
BRDA:390,27,1,0
BRDA:434,28,0,0
BRDA:434,28,1,0
BRDA:435,29,0,0
BRDA:435,29,1,0
BRDA:441,30,0,0
BRDA:441,30,1,0
BRDA:575,31,0,0
BRDA:575,31,1,0
BRDA:843,32,0,0
BRDA:843,32,1,0
BRDA:845,33,0,0
BRDA:845,33,1,0
BRDA:847,34,0,0
BRDA:847,34,1,0
BRDA:849,35,0,0
BRDA:849,35,1,0
BRDA:892,36,0,0
BRDA:892,36,1,0
BRDA:892,37,0,0
BRDA:892,37,1,0
BRF:80
BRH:0
end_of_record
TN:
SF:project/paymentProviders.js
FN:11,(anonymous_0)
FN:16,(anonymous_1)
FN:20,(anonymous_2)
FN:71,(anonymous_3)
FN:81,(anonymous_4)
FN:95,(anonymous_5)
FN:100,(anonymous_6)
FNF:7
FNH:0
FNDA:0,(anonymous_0)
FNDA:0,(anonymous_1)
FNDA:0,(anonymous_2)
FNDA:0,(anonymous_3)
FNDA:0,(anonymous_4)
FNDA:0,(anonymous_5)
FNDA:0,(anonymous_6)
DA:1,1
DA:2,1
DA:3,1
DA:4,1
DA:6,1
DA:7,1
DA:8,1
DA:12,0
DA:13,0
DA:17,0
DA:22,0
DA:23,0
DA:26,0
DA:28,0
DA:45,0
DA:47,0
DA:49,0
DA:50,0
DA:52,0
DA:53,0
DA:54,0
DA:56,0
DA:57,0
DA:59,0
DA:61,0
DA:72,0
DA:73,0
DA:74,0
DA:75,0
DA:82,0
DA:85,0
DA:87,0
DA:96,0
DA:101,0
DA:102,0
DA:106,1
LF:36
LH:8
BRF:0
BRH:0
end_of_record
TN:
SF:project/paypal.js
FN:8,generateAccessToken
FN:25,createOrder
FN:61,(anonymous_2)
FN:151,(anonymous_3)
FN:154,capturePayment
FN:171,generateUrl
FNF:6
FNH:1
FNDA:2,generateAccessToken
FNDA:0,createOrder
FNDA:0,(anonymous_2)
FNDA:0,(anonymous_3)
FNDA:0,capturePayment
FNDA:0,generateUrl
DA:1,2
DA:2,2
DA:3,2
DA:4,2
DA:6,2
DA:9,2
DA:18,2
DA:20,1
DA:21,1
DA:22,1
DA:26,0
DA:27,0
DA:29,0
DA:30,0
DA:32,0
DA:34,0
DA:50,0
DA:52,0
DA:54,0
DA:56,0
DA:57,0
DA:58,0
DA:59,0
DA:61,0
DA:62,0
DA:63,0
DA:65,0
DA:66,0
DA:68,0
DA:70,0
DA:71,0
DA:73,0
DA:77,0
DA:78,0
DA:79,0
DA:81,0
DA:84,0
DA:85,0
DA:86,0
DA:87,0
DA:88,0
DA:89,0
DA:91,0
DA:102,0
DA:104,0
DA:111,0
DA:112,0
DA:113,0
DA:114,0
DA:116,0
DA:117,0
DA:119,0
DA:146,0
DA:147,0
DA:148,0
DA:150,0
DA:151,0
DA:155,0
DA:157,0
DA:165,0
DA:167,0
DA:168,0
DA:172,0
DA:173,0
DA:176,2
LF:65
LH:11
BRDA:77,0,0,0
BRDA:77,0,1,0
BRF:2
BRH:0
end_of_record
TN:
SF:project/sessions.js
FN:4,createSession
FN:29,getCurrentUser
FN:37,getUserBySession
FN:92,clearExpiredSessions
FN:96,getSessionCookieType
FNF:5
FNH:0
FNDA:0,createSession
FNDA:0,getCurrentUser
FNDA:0,getUserBySession
FNDA:0,clearExpiredSessions
FNDA:0,getSessionCookieType
DA:1,1
DA:2,1
DA:5,0
DA:6,0
DA:8,0
DA:9,0
DA:17,0
DA:26,0
DA:30,0
DA:31,0
DA:33,0
DA:38,0
DA:52,0
DA:54,0
DA:55,0
DA:58,0
DA:59,0
DA:61,0
DA:63,0
DA:64,0
DA:66,0
DA:85,0
DA:86,0
DA:88,0
DA:93,0
DA:97,0
DA:101,0
DA:103,0
DA:104,0
DA:105,0
DA:106,0
DA:108,0
DA:112,1
LF:33
LH:3
BRDA:8,0,0,0
BRDA:8,0,1,0
BRDA:30,1,0,0
BRDA:30,1,1,0
BRDA:54,2,0,0
BRDA:54,2,1,0
BRDA:63,3,0,0
BRDA:63,3,1,0
BRDA:85,4,0,0
BRDA:85,4,1,0
BRDA:85,5,0,0
BRDA:85,5,1,0
BRDA:101,6,0,0
BRDA:101,6,1,0
BRDA:103,7,0,0
BRDA:103,7,1,0
BRDA:105,8,0,0
BRDA:105,8,1,0
BRF:18
BRH:0
end_of_record
