TN:
SF:project/config.js
FNF:0
FNH:0
DA:1,1
DA:2,1
DA:3,1
DA:4,1
DA:5,1
DA:6,1
DA:9,1
DA:12,1
DA:13,1
DA:14,1
DA:15,1
DA:18,1
DA:21,1
DA:24,1
DA:26,1
LF:15
LH:15
BRF:0
BRH:0
end_of_record
TN:
SF:project/db.js
FNF:0
FNH:0
DA:1,1
DA:2,1
DA:4,1
DA:12,1
DA:14,1
LF:5
LH:5
BRF:0
BRH:0
end_of_record
TN:
SF:project/exceptions.js
FN:2,(anonymous_0)
FN:9,(anonymous_1)
FN:16,(anonymous_2)
FNF:3
FNH:0
FNDA:0,(anonymous_0)
FNDA:0,(anonymous_1)
FNDA:0,(anonymous_2)
DA:3,0
DA:4,0
DA:10,0
DA:11,0
DA:17,0
DA:18,0
DA:22,1
LF:7
LH:1
BRF:0
BRH:0
end_of_record
TN:
SF:project/front_office.js
FN:3,prepareRegistrationData
FN:24,registration
FNF:2
FNH:0
FNDA:0,prepareRegistrationData
FNDA:0,registration
DA:1,1
DA:4,0
DA:9,0
DA:11,0
DA:12,0
DA:14,0
DA:21,0
DA:29,0
DA:31,0
DA:33,0
DA:34,0
DA:36,0
DA:38,0
DA:40,0
DA:41,0
DA:42,0
DA:43,0
DA:44,0
DA:46,0
DA:47,0
DA:49,0
DA:50,0
DA:51,0
DA:53,0
DA:56,0
DA:57,0
DA:58,0
DA:60,0
DA:61,0
DA:62,0
DA:63,0
DA:64,0
DA:66,0
DA:68,0
DA:69,0
DA:73,0
DA:74,0
DA:76,0
DA:77,0
DA:78,0
DA:79,0
DA:81,0
DA:83,0
DA:85,0
DA:86,0
DA:90,0
DA:91,0
DA:92,0
DA:94,0
DA:104,1
LF:50
LH:2
BRDA:42,0,0,0
BRDA:42,0,1,0
BRDA:43,1,0,0
BRDA:43,1,1,0
BRDA:44,2,0,0
BRDA:44,2,1,0
BRDA:50,3,0,0
BRDA:50,3,1,0
BRDA:60,4,0,0
BRDA:60,4,1,0
BRDA:66,5,0,0
BRDA:66,5,1,0
BRDA:68,6,0,0
BRDA:68,6,1,0
BRDA:76,7,0,0
BRDA:76,7,1,0
BRDA:78,8,0,0
BRDA:78,8,1,0
BRDA:85,9,0,0
BRDA:85,9,1,0
BRF:20
BRH:0
end_of_record
TN:
SF:project/main.js
FN:20,mapUrlToFunction
FN:29,(anonymous_1)
FN:61,getRegistrationHandler
FN:79,postRegistrationHandler
FNF:4
FNH:4
FNDA:4,mapUrlToFunction
FNDA:4,(anonymous_1)
FNDA:1,getRegistrationHandler
FNDA:2,postRegistrationHandler
DA:1,1
DA:2,1
DA:3,1
DA:4,1
DA:5,1
DA:7,1
DA:9,1
DA:11,1
DA:21,4
DA:22,4
DA:23,4
DA:25,0
DA:29,1
DA:30,4
DA:33,4
DA:34,4
DA:36,4
DA:38,4
DA:40,4
DA:42,4
DA:44,3
DA:48,1
DA:50,1
DA:52,1
DA:55,4
DA:56,4
DA:62,1
DA:64,1
DA:65,1
DA:67,1
DA:69,1
DA:80,2
DA:81,2
DA:83,2
DA:84,2
DA:86,2
DA:87,2
DA:88,2
DA:89,2
DA:91,2
DA:97,2
DA:100,1
LF:42
LH:41
BRDA:22,0,0,4
BRDA:22,0,1,0
BRDA:55,1,0,4
BRDA:55,1,1,0
BRF:4
BRH:2
end_of_record
TN:
SF:project/utils.js
FN:4,AssertDev
FN:10,AssertUser
FN:16,AssertPeer
FN:22,hashPassword
FNF:4
FNH:0
FNDA:0,AssertDev
FNDA:0,AssertUser
FNDA:0,AssertPeer
FNDA:0,hashPassword
DA:1,1
DA:2,1
DA:5,0
DA:6,0
DA:11,0
DA:12,0
DA:17,0
DA:18,0
DA:23,0
DA:24,0
DA:27,1
LF:11
LH:3
BRDA:5,0,0,0
BRDA:5,0,1,0
BRDA:11,1,0,0
BRDA:11,1,1,0
BRDA:17,2,0,0
BRDA:17,2,1,0
BRF:6
BRH:0
end_of_record
